[0.009s] Invoking command in '/home/tjddus/min/minicar_controller/kbd_reader/build/kbd_reader': CMAKE_PREFIX_PATH=/opt/ros/foxy /usr/bin/cmake --build /home/tjddus/min/minicar_controller/kbd_reader/build/kbd_reader -- -j20 -l20
[0.031s] [35m[1mScanning dependencies of target KbdReader[0m
[0.045s] [ 25%] [32mBuilding CXX object CMakeFiles/KbdReader.dir/src/kbd_reader.cpp.o[0m
[0.706s] [01m[K/home/tjddus/min/minicar_controller/kbd_reader/src/kbd_reader.cpp:[m[K In constructor â€˜[01m[KKbdReader::KbdReader(std::shared_ptr<rclcpp::Node>, char*, char*, termios*, termios*)[m[Kâ€™:
[0.706s] [01m[K/home/tjddus/min/minicar_controller/kbd_reader/src/kbd_reader.cpp:34:18:[m[K [01;31m[Kerror: [m[Kâ€˜[01m[Kooked[m[Kâ€™ was not declared in this scope; did you mean â€˜[01m[Kcooked[m[Kâ€™?
[0.706s]    34 |     memcpy(raw, &[01;31m[Kooked[m[K, sizeof(struct termios));
[0.706s]       |                  [01;31m[K^~~~~[m[K
[0.706s]       |                  [32m[Kcooked[m[K
[0.706s] [01m[K/home/tjddus/min/minicar_controller/kbd_reader/src/kbd_reader.cpp:35:9:[m[K [01;31m[Kerror: [m[Krequest for member â€˜[01m[Kc_lflag[m[Kâ€™ in â€˜[01m[Kraw[m[Kâ€™, which is of pointer type â€˜[01m[Ktermios*[m[Kâ€™ (maybe you meant to use â€˜[01m[K->[m[Kâ€™ ?)
[0.706s]    35 |     raw.[01;31m[Kc_lflag[m[K &=~ (ICANON | ECHO);
[0.706s]       |         [01;31m[K^~~~~~~[m[K
[0.706s] [01m[K/home/tjddus/min/minicar_controller/kbd_reader/src/kbd_reader.cpp:37:9:[m[K [01;31m[Kerror: [m[Krequest for member â€˜[01m[Kc_cc[m[Kâ€™ in â€˜[01m[Kraw[m[Kâ€™, which is of pointer type â€˜[01m[Ktermios*[m[Kâ€™ (maybe you meant to use â€˜[01m[K->[m[Kâ€™ ?)
[0.706s]    37 |     raw.[01;31m[Kc_cc[m[K[VEOL] = 1;
[0.706s]       |         [01;31m[K^~~~[m[K
[0.706s] [01m[K/home/tjddus/min/minicar_controller/kbd_reader/src/kbd_reader.cpp:38:9:[m[K [01;31m[Kerror: [m[Krequest for member â€˜[01m[Kc_cc[m[Kâ€™ in â€˜[01m[Kraw[m[Kâ€™, which is of pointer type â€˜[01m[Ktermios*[m[Kâ€™ (maybe you meant to use â€˜[01m[K->[m[Kâ€™ ?)
[0.706s]    38 |     raw.[01;31m[Kc_cc[m[K[VEOF] = 2;
[0.706s]       |         [01;31m[K^~~~[m[K
[0.706s] [01m[K/home/tjddus/min/minicar_controller/kbd_reader/src/kbd_reader.cpp:[m[K In destructor â€˜[01m[KKbdReader::~KbdReader()[m[Kâ€™:
[0.706s] [01m[K/home/tjddus/min/minicar_controller/kbd_reader/src/kbd_reader.cpp:47:29:[m[K [01;31m[Kerror: [m[Kcannot convert â€˜[01m[Ktermios**[m[Kâ€™ to â€˜[01m[Kconst termios*[m[Kâ€™
[0.706s]    47 |     tcsetattr(kfd, TCSANOW, [01;31m[K&cooked[m[K);
[0.706s]       |                             [01;31m[K^~~~~~~[m[K
[0.706s]       |                             [01;31m[K|[m[K
[0.706s]       |                             [01;31m[Ktermios**[m[K
[0.706s] In file included from [01m[K/home/tjddus/min/minicar_controller/kbd_reader/include/kbd_reader/kbd_reader.hpp:5[m[K,
[0.707s]                  from [01m[K/home/tjddus/min/minicar_controller/kbd_reader/src/kbd_reader.cpp:1[m[K:
[0.707s] [01m[K/usr/include/termios.h:71:31:[m[K [01;36m[Knote: [m[K  initializing argument 3 of â€˜[01m[Kint tcsetattr(int, int, const termios*)[m[Kâ€™
[0.707s]    71 |         [01;36m[Kconst struct termios *__termios_p[m[K) __THROW;
[0.707s]       |         [01;36m[K~~~~~~~~~~~~~~~~~~~~~~^~~~~~~~~~~[m[K
[0.885s] make[2]: *** [CMakeFiles/KbdReader.dir/build.make:63: CMakeFiles/KbdReader.dir/src/kbd_reader.cpp.o] Error 1
[0.885s] make[1]: *** [CMakeFiles/Makefile2:134: CMakeFiles/KbdReader.dir/all] Error 2
[0.886s] make: *** [Makefile:141: all] Error 2
[0.888s] Invoked command in '/home/tjddus/min/minicar_controller/kbd_reader/build/kbd_reader' returned '2': CMAKE_PREFIX_PATH=/opt/ros/foxy /usr/bin/cmake --build /home/tjddus/min/minicar_controller/kbd_reader/build/kbd_reader -- -j20 -l20
