[35m[1mScanning dependencies of target kbd_reader[0m
[ 25%] [32mBuilding CXX object CMakeFiles/kbd_reader.dir/src/kbd_reader.cpp.o[0m
[01m[K/home/tjddus/min/minicar_controller/kbd_reader/src/kbd_reader.cpp:[m[K In member function â€˜[01m[Kvoid KbdReader::key_sender(char)[m[Kâ€™:
[01m[K/home/tjddus/min/minicar_controller/kbd_reader/src/kbd_reader.cpp:85:9:[m[K [01;35m[Kwarning: [m[Kvariable â€˜[01m[Kwrite_check[m[Kâ€™ set but not used [[01;35m[K-Wunused-but-set-variable[m[K]
   85 |     int [01;35m[Kwrite_check[m[K = 0;
      |         [01;35m[K^~~~~~~~~~~[m[K
[ 50%] [32m[1mLinking CXX shared library libkbd_reader.so[0m
[ 50%] Built target kbd_reader
[35m[1mScanning dependencies of target kbd_reader_node[0m
[ 75%] [32mBuilding CXX object CMakeFiles/kbd_reader_node.dir/src/kbd_reader_node.cpp.o[0m
[01m[K/home/tjddus/min/minicar_controller/kbd_reader/src/kbd_reader_node.cpp:[m[K In function â€˜[01m[Kint main(int, char**)[m[Kâ€™:
[01m[K/home/tjddus/min/minicar_controller/kbd_reader/src/kbd_reader_node.cpp:18:5:[m[K [01;31m[Kerror: [m[Kexpected â€˜[01m[K,[m[Kâ€™ or â€˜[01m[K;[m[Kâ€™ before â€˜[01m[KKbdReader[m[Kâ€™
   18 |     [01;31m[KKbdReader[m[K kbdReader(node, ip, port);
      |     [01;31m[K^~~~~~~~~[m[K
make[2]: *** [CMakeFiles/kbd_reader_node.dir/build.make:63: CMakeFiles/kbd_reader_node.dir/src/kbd_reader_node.cpp.o] Error 1
make[1]: *** [CMakeFiles/Makefile2:80: CMakeFiles/kbd_reader_node.dir/all] Error 2
make: *** [Makefile:141: all] Error 2
