[0.009s] Invoking command in '/home/tjddus/min/minicar_controller/kbd_reader/build/kbd_reader': CMAKE_PREFIX_PATH=${CMAKE_PREFIX_PATH}:/opt/ros/foxy /usr/bin/cmake --build /home/tjddus/min/minicar_controller/kbd_reader/build/kbd_reader -- -j20 -l20
[0.041s] [ 50%] Built target KbdReader
[0.047s] [35m[1mScanning dependencies of target KbdReader_node[0m
[0.061s] [ 75%] [32mBuilding CXX object CMakeFiles/KbdReader_node.dir/src/kbd_reader_node.cpp.o[0m
[0.675s] [01m[K/home/tjddus/min/minicar_controller/kbd_reader/src/kbd_reader_node.cpp:[m[K In function â€˜[01m[Kvoid quit(int)[m[Kâ€™:
[0.675s] [01m[K/home/tjddus/min/minicar_controller/kbd_reader/src/kbd_reader_node.cpp:9:15:[m[K [01;31m[Kerror: [m[Kâ€˜[01m[KkbdReader[m[Kâ€™ was not declared in this scope; did you mean â€˜[01m[KKbdReader[m[Kâ€™?
[0.675s]     9 |     tcsetattr([01;31m[KkbdReader[m[K.kfd, TCSANOW, &kbdReader.cooked);
[0.675s]       |               [01;31m[K^~~~~~~~~[m[K
[0.675s]       |               [32m[KKbdReader[m[K
[0.675s] [01m[K/home/tjddus/min/minicar_controller/kbd_reader/src/kbd_reader_node.cpp:7:15:[m[K [01;35m[Kwarning: [m[Kunused parameter â€˜[01m[Ksig[m[Kâ€™ [[01;35m[K-Wunused-parameter[m[K]
[0.675s]     7 | void quit([01;35m[Kint sig[m[K)
[0.675s]       |           [01;35m[K~~~~^~~[m[K
[0.855s] make[2]: *** [CMakeFiles/KbdReader_node.dir/build.make:63: CMakeFiles/KbdReader_node.dir/src/kbd_reader_node.cpp.o] Error 1
[0.855s] make[1]: *** [CMakeFiles/Makefile2:80: CMakeFiles/KbdReader_node.dir/all] Error 2
[0.855s] make: *** [Makefile:141: all] Error 2
[0.856s] Invoked command in '/home/tjddus/min/minicar_controller/kbd_reader/build/kbd_reader' returned '2': CMAKE_PREFIX_PATH=${CMAKE_PREFIX_PATH}:/opt/ros/foxy /usr/bin/cmake --build /home/tjddus/min/minicar_controller/kbd_reader/build/kbd_reader -- -j20 -l20
