[0.008s] Invoking command in '/home/tjddus/min/minicar_controller/vesc_controller/build/vesc_controller': CMAKE_PREFIX_PATH=/opt/ros/foxy /usr/bin/cmake /home/tjddus/min/minicar_controller/vesc_controller -DCMAKE_INSTALL_PREFIX=/home/tjddus/min/minicar_controller/vesc_controller/install/vesc_controller
[0.016s] -- Found ament_cmake: 0.9.9 (/opt/ros/foxy/share/ament_cmake/cmake)
[0.030s] -- Using PYTHON_EXECUTABLE: /usr/bin/python3
[0.117s] -- Found ament_cmake_auto: 0.9.9 (/opt/ros/foxy/share/ament_cmake_auto/cmake)
[0.117s] -- Found rclcpp: 2.4.1 (/opt/ros/foxy/share/rclcpp/cmake)
[0.135s] -- Using all available rosidl_typesupport_c: rosidl_typesupport_fastrtps_c;rosidl_typesupport_introspection_c
[0.136s] -- Found rosidl_adapter: 1.2.1 (/opt/ros/foxy/share/rosidl_adapter/cmake)
[0.198s] -- Using all available rosidl_typesupport_cpp: rosidl_typesupport_fastrtps_cpp;rosidl_typesupport_introspection_cpp
[0.227s] -- Found rmw_implementation_cmake: 1.0.3 (/opt/ros/foxy/share/rmw_implementation_cmake/cmake)
[0.228s] -- Using RMW implementation 'rmw_fastrtps_cpp' as default
[0.341s] -- Configuring done
[0.346s] -- Generating done
[0.350s] -- Build files have been written to: /home/tjddus/min/minicar_controller/vesc_controller/build/vesc_controller
[0.355s] Invoked command in '/home/tjddus/min/minicar_controller/vesc_controller/build/vesc_controller' returned '0': CMAKE_PREFIX_PATH=/opt/ros/foxy /usr/bin/cmake /home/tjddus/min/minicar_controller/vesc_controller -DCMAKE_INSTALL_PREFIX=/home/tjddus/min/minicar_controller/vesc_controller/install/vesc_controller
[0.356s] Invoking command in '/home/tjddus/min/minicar_controller/vesc_controller/build/vesc_controller': CMAKE_PREFIX_PATH=/opt/ros/foxy /usr/bin/cmake --build /home/tjddus/min/minicar_controller/vesc_controller/build/vesc_controller -- -j20 -l20
[0.378s] [35m[1mScanning dependencies of target VescController[0m
[0.396s] [ 25%] [32mBuilding CXX object CMakeFiles/VescController.dir/src/vesc_controller.cpp.o[0m
[1.069s] In file included from [01m[K/home/tjddus/min/minicar_controller/vesc_controller/src/vesc_controller.cpp:1[m[K:
[1.069s] [01m[K/home/tjddus/min/minicar_controller/vesc_controller/include/vesc_controller/vesc_controller.hpp:31:16:[m[K [01;31m[Kerror: [m[Kusing typedef-name â€˜[01m[Ksocklen_t[m[Kâ€™ after â€˜[01m[Kstruct[m[Kâ€™
[1.069s]    31 |         struct [01;31m[Ksocklen_t[m[K addr_client_len;
[1.069s]       |                [01;31m[K^~~~~~~~~[m[K
[1.069s] In file included from [01m[K/home/tjddus/min/minicar_controller/vesc_controller/include/vesc_controller/vesc_controller.hpp:6[m[K,
[1.069s]                  from [01m[K/home/tjddus/min/minicar_controller/vesc_controller/src/vesc_controller.cpp:1[m[K:
[1.069s] [01m[K/usr/include/unistd.h:274:21:[m[K [01;36m[Knote: [m[Kâ€˜[01m[Ksocklen_t[m[Kâ€™ has a previous declaration here
[1.069s]   274 | typedef __socklen_t [01;36m[Ksocklen_t[m[K;
[1.069s]       |                     [01;36m[K^~~~~~~~~[m[K
[1.070s] [01m[K/home/tjddus/min/minicar_controller/vesc_controller/src/vesc_controller.cpp:11:31:[m[K [01;31m[Kerror: [m[KISO C++ forbids declaration of â€˜[01m[KSettingSocket[m[Kâ€™ with no type [[01;31m[K-fpermissive[m[K]
[1.070s]    11 | VescController::SettingSocket([01;31m[K)[m[K
[1.070s]       |                               [01;31m[K^[m[K
[1.070s] [01m[K/home/tjddus/min/minicar_controller/vesc_controller/src/vesc_controller.cpp:11:1:[m[K [01;31m[Kerror: [m[Kno declaration matches â€˜[01m[Kint VescController::SettingSocket()[m[Kâ€™
[1.070s]    11 | [01;31m[KVescController[m[K::SettingSocket()
[1.070s]       | [01;31m[K^~~~~~~~~~~~~~[m[K
[1.070s] In file included from [01m[K/home/tjddus/min/minicar_controller/vesc_controller/src/vesc_controller.cpp:1[m[K:
[1.070s] [01m[K/home/tjddus/min/minicar_controller/vesc_controller/include/vesc_controller/vesc_controller.hpp:39:14:[m[K [01;36m[Knote: [m[Kcandidate is: â€˜[01m[Kvoid VescController::SettingSocket()[m[Kâ€™
[1.070s]    39 |         void [01;36m[KSettingSocket[m[K();
[1.070s]       |              [01;36m[K^~~~~~~~~~~~~[m[K
[1.070s] [01m[K/home/tjddus/min/minicar_controller/vesc_controller/include/vesc_controller/vesc_controller.hpp:24:7:[m[K [01;36m[Knote: [m[Kâ€˜[01m[Kclass VescController[m[Kâ€™ defined here
[1.070s]    24 | class [01;36m[KVescController[m[K : public rclcpp::Node
[1.070s]       |       [01;36m[K^~~~~~~~~~~~~~[m[K
[1.070s] [01m[K/home/tjddus/min/minicar_controller/vesc_controller/src/vesc_controller.cpp:52:28:[m[K [01;31m[Kerror: [m[KISO C++ forbids declaration of â€˜[01m[KReceiveKey[m[Kâ€™ with no type [[01;31m[K-fpermissive[m[K]
[1.070s]    52 | VescController::ReceiveKey([01;31m[K)[m[K
[1.070s]       |                            [01;31m[K^[m[K
[1.070s] [01m[K/home/tjddus/min/minicar_controller/vesc_controller/src/vesc_controller.cpp:52:1:[m[K [01;31m[Kerror: [m[Kno declaration matches â€˜[01m[Kint VescController::ReceiveKey()[m[Kâ€™
[1.070s]    52 | [01;31m[KVescController[m[K::ReceiveKey()
[1.070s]       | [01;31m[K^~~~~~~~~~~~~~[m[K
[1.070s] In file included from [01m[K/home/tjddus/min/minicar_controller/vesc_controller/src/vesc_controller.cpp:1[m[K:
[1.070s] [01m[K/home/tjddus/min/minicar_controller/vesc_controller/include/vesc_controller/vesc_controller.hpp:40:14:[m[K [01;36m[Knote: [m[Kcandidate is: â€˜[01m[Kvoid VescController::ReceiveKey()[m[Kâ€™
[1.070s]    40 |         void [01;36m[KReceiveKey[m[K();
[1.070s]       |              [01;36m[K^~~~~~~~~~[m[K
[1.070s] [01m[K/home/tjddus/min/minicar_controller/vesc_controller/include/vesc_controller/vesc_controller.hpp:24:7:[m[K [01;36m[Knote: [m[Kâ€˜[01m[Kclass VescController[m[Kâ€™ defined here
[1.070s]    24 | class [01;36m[KVescController[m[K : public rclcpp::Node
[1.070s]       |       [01;36m[K^~~~~~~~~~~~~~[m[K
[1.250s] make[2]: *** [CMakeFiles/VescController.dir/build.make:63: CMakeFiles/VescController.dir/src/vesc_controller.cpp.o] Error 1
[1.251s] make[1]: *** [CMakeFiles/Makefile2:107: CMakeFiles/VescController.dir/all] Error 2
[1.251s] make: *** [Makefile:141: all] Error 2
[1.254s] Invoked command in '/home/tjddus/min/minicar_controller/vesc_controller/build/vesc_controller' returned '2': CMAKE_PREFIX_PATH=/opt/ros/foxy /usr/bin/cmake --build /home/tjddus/min/minicar_controller/vesc_controller/build/vesc_controller -- -j20 -l20
