[0.008s] Invoking command in '/home/tjddus/min/minicar_controller/vesc_controller/build/vesc_controller': CMAKE_PREFIX_PATH=/opt/ros/foxy /usr/bin/cmake --build /home/tjddus/min/minicar_controller/vesc_controller/build/vesc_controller -- -j20 -l20
[0.031s] [35m[1mScanning dependencies of target VescController[0m
[0.045s] [ 25%] [32mBuilding CXX object CMakeFiles/VescController.dir/src/vesc_controller.cpp.o[0m
[0.728s] [01m[K/home/tjddus/min/minicar_controller/vesc_controller/src/vesc_controller.cpp:[m[K In member function â€˜[01m[Kvoid VescController::ReceiveKey()[m[Kâ€™:
[0.728s] [01m[K/home/tjddus/min/minicar_controller/vesc_controller/src/vesc_controller.cpp:104:18:[m[K [01;35m[Kwarning: [m[Kvalue computed is not used [[01;35m[K-Wunused-value[m[K]
[0.728s]   104 |         [01;35m[Kread_chk == read(client_sock, r_buff, 1)[m[K;
[0.728s]       |         [01;35m[K~~~~~~~~~^~~~~~~~~~~~~~~~~~~~~~~~~~~~~~~[m[K
[0.729s] [01m[K/home/tjddus/min/minicar_controller/vesc_controller/src/vesc_controller.cpp:[m[K In member function â€˜[01m[Kvoid VescController::cmd_publisher(int, int, int)[m[Kâ€™:
[0.729s] [01m[K/home/tjddus/min/minicar_controller/vesc_controller/src/vesc_controller.cpp:197:10:[m[K [01;31m[Kerror: [m[Kâ€˜[01m[Kstd::msg[m[Kâ€™ has not been declared
[0.729s]   197 |     std::[01;31m[Kmsg[m[K::Float64 accel_msg;
[0.729s]       |          [01;31m[K^~~[m[K
[0.729s] [01m[K/home/tjddus/min/minicar_controller/vesc_controller/src/vesc_controller.cpp:198:10:[m[K [01;31m[Kerror: [m[Kâ€˜[01m[Kstd::msg[m[Kâ€™ has not been declared
[0.729s]   198 |     std::[01;31m[Kmsg[m[K::Float64 steer_msg;
[0.729s]       |          [01;31m[K^~~[m[K
[0.729s] [01m[K/home/tjddus/min/minicar_controller/vesc_controller/src/vesc_controller.cpp:199:10:[m[K [01;31m[Kerror: [m[Kâ€˜[01m[Kstd::msg[m[Kâ€™ has not been declared
[0.729s]   199 |     std::[01;31m[Kmsg[m[K::Float64 brake_msg;
[0.729s]       |          [01;31m[K^~~[m[K
[0.731s] [01m[K/home/tjddus/min/minicar_controller/vesc_controller/src/vesc_controller.cpp:200:5:[m[K [01;31m[Kerror: [m[Kâ€˜[01m[Kaccel_msg[m[Kâ€™ was not declared in this scope
[0.731s]   200 |     [01;31m[Kaccel_msg[m[K.data = cur_accel_arg;
[0.731s]       |     [01;31m[K^~~~~~~~~[m[K
[0.732s] [01m[K/home/tjddus/min/minicar_controller/vesc_controller/src/vesc_controller.cpp:201:5:[m[K [01;31m[Kerror: [m[Kâ€˜[01m[Ksteer_msg[m[Kâ€™ was not declared in this scope
[0.732s]   201 |     [01;31m[Ksteer_msg[m[K.data = cur_steer_arg;
[0.732s]       |     [01;31m[K^~~~~~~~~[m[K
[0.733s] [01m[K/home/tjddus/min/minicar_controller/vesc_controller/src/vesc_controller.cpp:202:5:[m[K [01;31m[Kerror: [m[Kâ€˜[01m[Kbrake_msg[m[Kâ€™ was not declared in this scope
[0.733s]   202 |     [01;31m[Kbrake_msg[m[K.data = cur_brake_arg;
[0.733s]       |     [01;31m[K^~~~~~~~~[m[K
[0.776s] In file included from [01m[K/home/tjddus/min/minicar_controller/vesc_controller/include/vesc_controller/vesc_controller.hpp:7[m[K,
[0.776s]                  from [01m[K/home/tjddus/min/minicar_controller/vesc_controller/src/vesc_controller.cpp:1[m[K:
[0.776s] /usr/include/c++/9/thread: In instantiation of â€˜[01m[Kstd::thread::thread(_Callable&&, _Args&& ...) [with _Callable = void (VescController::*)(); _Args = {}; <template-parameter-1-3> = void][m[Kâ€™:
[0.777s] [01m[K/home/tjddus/min/minicar_controller/vesc_controller/src/vesc_controller.cpp:41:49:[m[K   required from here
[0.777s] [01m[K/usr/include/c++/9/thread:120:44:[m[K [01;31m[Kerror: [m[Kstatic assertion failed: std::thread arguments must be invocable after conversion to rvalues
[0.777s]   120 |           typename decay<_Args>::type...>::[01;31m[Kvalue[m[K,
[0.777s]       |                                            [01;31m[K^~~~~[m[K
[0.778s] /usr/include/c++/9/thread: In instantiation of â€˜[01m[Kstruct std::thread::_Invoker<std::tuple<void (VescController::*)()> >[m[Kâ€™:
[0.778s] [01m[K/usr/include/c++/9/thread:131:22:[m[K   required from â€˜[01m[Kstd::thread::thread(_Callable&&, _Args&& ...) [with _Callable = void (VescController::*)(); _Args = {}; <template-parameter-1-3> = void][m[Kâ€™
[0.778s] [01m[K/home/tjddus/min/minicar_controller/vesc_controller/src/vesc_controller.cpp:41:49:[m[K   required from here
[0.778s] [01m[K/usr/include/c++/9/thread:243:4:[m[K [01;31m[Kerror: [m[Kno type named â€˜[01m[Ktype[m[Kâ€™ in â€˜[01m[Kstruct std::thread::_Invoker<std::tuple<void (VescController::*)()> >::__result<std::tuple<void (VescController::*)()> >[m[Kâ€™
[0.778s]   243 |    [01;31m[K_M_invoke[m[K(_Index_tuple<_Ind...>)
[0.778s]       |    [01;31m[K^~~~~~~~~[m[K
[0.778s] [01m[K/usr/include/c++/9/thread:247:2:[m[K [01;31m[Kerror: [m[Kno type named â€˜[01m[Ktype[m[Kâ€™ in â€˜[01m[Kstruct std::thread::_Invoker<std::tuple<void (VescController::*)()> >::__result<std::tuple<void (VescController::*)()> >[m[Kâ€™
[0.778s]   247 |  [01;31m[Koperator[m[K()()
[0.778s]       |  [01;31m[K^~~~~~~~[m[K
[1.172s] make[2]: *** [CMakeFiles/VescController.dir/build.make:63: CMakeFiles/VescController.dir/src/vesc_controller.cpp.o] Error 1
[1.172s] make[1]: *** [CMakeFiles/Makefile2:107: CMakeFiles/VescController.dir/all] Error 2
[1.173s] make: *** [Makefile:141: all] Error 2
[1.175s] Invoked command in '/home/tjddus/min/minicar_controller/vesc_controller/build/vesc_controller' returned '2': CMAKE_PREFIX_PATH=/opt/ros/foxy /usr/bin/cmake --build /home/tjddus/min/minicar_controller/vesc_controller/build/vesc_controller -- -j20 -l20
