[0.009s] Invoking command in '/home/tjddus/min/minicar_controller/vesc_controller/build/vesc_controller': CMAKE_PREFIX_PATH=/opt/ros/foxy /usr/bin/cmake --build /home/tjddus/min/minicar_controller/vesc_controller/build/vesc_controller -- -j20 -l20
[0.034s] [35m[1mScanning dependencies of target VescController[0m
[0.048s] [ 25%] [32mBuilding CXX object CMakeFiles/VescController.dir/src/vesc_controller.cpp.o[0m
[0.771s] [01m[K/home/tjddus/min/minicar_controller/vesc_controller/src/vesc_controller.cpp:[m[K In constructor â€˜[01m[KVescController::VescController(const rclcpp::NodeOptions&)[m[Kâ€™:
[0.771s] [01m[K/home/tjddus/min/minicar_controller/vesc_controller/src/vesc_controller.cpp:41:34:[m[K [01;31m[Kerror: [m[Kexpected â€˜[01m[K,[m[Kâ€™ or â€˜[01m[K...[m[Kâ€™ before â€˜[01m[K->[m[Kâ€™ token
[0.771s]    41 |     std::thread t1(VescController[01;31m[K->[m[KSocketSetter);
[0.771s]       |                                  [01;31m[K^~[m[K
[0.772s] [01m[K/home/tjddus/min/minicar_controller/vesc_controller/src/vesc_controller.cpp:42:8:[m[K [01;31m[Kerror: [m[Krequest for member â€˜[01m[Kdetach[m[Kâ€™ in â€˜[01m[Kt1[m[Kâ€™, which is of non-class type â€˜[01m[Kstd::thread(VescController)[m[Kâ€™
[0.772s]    42 |     t1.[01;31m[Kdetach[m[K();
[0.772s]       |        [01;31m[K^~~~~~[m[K
[0.773s] [01m[K/home/tjddus/min/minicar_controller/vesc_controller/src/vesc_controller.cpp:[m[K In member function â€˜[01m[Kvoid VescController::ReceiveKey()[m[Kâ€™:
[0.773s] [01m[K/home/tjddus/min/minicar_controller/vesc_controller/src/vesc_controller.cpp:104:18:[m[K [01;35m[Kwarning: [m[Kvalue computed is not used [[01;35m[K-Wunused-value[m[K]
[0.773s]   104 |         [01;35m[Kread_chk == read(client_sock, r_buff, 1)[m[K;
[0.774s]       |         [01;35m[K~~~~~~~~~^~~~~~~~~~~~~~~~~~~~~~~~~~~~~~~[m[K
[0.774s] [01m[K/home/tjddus/min/minicar_controller/vesc_controller/src/vesc_controller.cpp:[m[K In member function â€˜[01m[Kvoid VescController::cmd_publisher(int, int, int)[m[Kâ€™:
[0.774s] [01m[K/home/tjddus/min/minicar_controller/vesc_controller/src/vesc_controller.cpp:197:10:[m[K [01;31m[Kerror: [m[Kâ€˜[01m[Kstd::msg[m[Kâ€™ has not been declared
[0.774s]   197 |     std::[01;31m[Kmsg[m[K::Float64 accel_msg;
[0.774s]       |          [01;31m[K^~~[m[K
[0.774s] [01m[K/home/tjddus/min/minicar_controller/vesc_controller/src/vesc_controller.cpp:198:10:[m[K [01;31m[Kerror: [m[Kâ€˜[01m[Kstd::msg[m[Kâ€™ has not been declared
[0.774s]   198 |     std::[01;31m[Kmsg[m[K::Float64 steer_msg;
[0.774s]       |          [01;31m[K^~~[m[K
[0.774s] [01m[K/home/tjddus/min/minicar_controller/vesc_controller/src/vesc_controller.cpp:199:10:[m[K [01;31m[Kerror: [m[Kâ€˜[01m[Kstd::msg[m[Kâ€™ has not been declared
[0.774s]   199 |     std::[01;31m[Kmsg[m[K::Float64 brake_msg;
[0.774s]       |          [01;31m[K^~~[m[K
[0.778s] [01m[K/home/tjddus/min/minicar_controller/vesc_controller/src/vesc_controller.cpp:200:5:[m[K [01;31m[Kerror: [m[Kâ€˜[01m[Kaccel_msg[m[Kâ€™ was not declared in this scope
[0.778s]   200 |     [01;31m[Kaccel_msg[m[K.data = cur_accel_arg;
[0.778s]       |     [01;31m[K^~~~~~~~~[m[K
[0.780s] [01m[K/home/tjddus/min/minicar_controller/vesc_controller/src/vesc_controller.cpp:201:5:[m[K [01;31m[Kerror: [m[Kâ€˜[01m[Ksteer_msg[m[Kâ€™ was not declared in this scope
[0.780s]   201 |     [01;31m[Ksteer_msg[m[K.data = cur_steer_arg;
[0.780s]       |     [01;31m[K^~~~~~~~~[m[K
[0.782s] [01m[K/home/tjddus/min/minicar_controller/vesc_controller/src/vesc_controller.cpp:202:5:[m[K [01;31m[Kerror: [m[Kâ€˜[01m[Kbrake_msg[m[Kâ€™ was not declared in this scope
[0.782s]   202 |     [01;31m[Kbrake_msg[m[K.data = cur_brake_arg;
[0.782s]       |     [01;31m[K^~~~~~~~~[m[K
[1.336s] make[2]: *** [CMakeFiles/VescController.dir/build.make:63: CMakeFiles/VescController.dir/src/vesc_controller.cpp.o] Error 1
[1.337s] make[1]: *** [CMakeFiles/Makefile2:107: CMakeFiles/VescController.dir/all] Error 2
[1.337s] make: *** [Makefile:141: all] Error 2
[1.339s] Invoked command in '/home/tjddus/min/minicar_controller/vesc_controller/build/vesc_controller' returned '2': CMAKE_PREFIX_PATH=/opt/ros/foxy /usr/bin/cmake --build /home/tjddus/min/minicar_controller/vesc_controller/build/vesc_controller -- -j20 -l20
