[ 50%] Built target KbdReader
[35m[1mScanning dependencies of target KbdReader_node[0m
[ 75%] [32mBuilding CXX object CMakeFiles/KbdReader_node.dir/src/kbd_reader_node.cpp.o[0m
[01m[K/home/tjddus/min/minicar_controller/kbd_reader/src/kbd_reader_node.cpp:[m[K In function â€˜[01m[Kint main(int, char**)[m[Kâ€™:
[01m[K/home/tjddus/min/minicar_controller/kbd_reader/src/kbd_reader_node.cpp:20:29:[m[K [01;31m[Kerror: [m[Kinvalid use of non-static member function â€˜[01m[Kvoid KbdReader::quit(int)[m[Kâ€™
   20 |     signal(SIGINT,[01;31m[KkbdReader.quit[m[K);
      |                   [01;31m[K~~~~~~~~~~^~~~[m[K
In file included from [01m[K/home/tjddus/min/minicar_controller/kbd_reader/src/kbd_reader_node.cpp:3[m[K:
[01m[K/home/tjddus/min/minicar_controller/kbd_reader/include/kbd_reader/kbd_reader.hpp:41:14:[m[K [01;36m[Knote: [m[Kdeclared here
   41 |         void [01;36m[Kquit[m[K(int sig);
      |              [01;36m[K^~~~[m[K
make[2]: *** [CMakeFiles/KbdReader_node.dir/build.make:63: CMakeFiles/KbdReader_node.dir/src/kbd_reader_node.cpp.o] Error 1
make[1]: *** [CMakeFiles/Makefile2:80: CMakeFiles/KbdReader_node.dir/all] Error 2
make: *** [Makefile:141: all] Error 2
