[0.008s] Invoking command in '/home/tjddus/min/minicar_controller/kbd_reader/build/kbd_reader': CMAKE_PREFIX_PATH=/opt/ros/foxy /usr/bin/cmake --build /home/tjddus/min/minicar_controller/kbd_reader/build/kbd_reader -- -j20 -l20
[0.030s] [35m[1mScanning dependencies of target kbd_reader[0m
[0.046s] [ 25%] [32mBuilding CXX object CMakeFiles/kbd_reader.dir/src/kbd_reader.cpp.o[0m
[0.706s] [01m[K/home/tjddus/min/minicar_controller/kbd_reader/src/kbd_reader.cpp:[m[K In constructor â€˜[01m[KKbdReader::KbdReader(std::shared_ptr<rclcpp::Node>, char*, char*)[m[Kâ€™:
[0.706s] [01m[K/home/tjddus/min/minicar_controller/kbd_reader/src/kbd_reader.cpp:34:19:[m[K [01;31m[Kerror: [m[Kâ€˜[01m[Kcoocked[m[Kâ€™ was not declared in this scope; did you mean â€˜[01m[Kcooked[m[Kâ€™?
[0.706s]    34 |     memcpy(&raw, &[01;31m[Kcoocked[m[K, sizeof(struct termios));
[0.706s]       |                   [01;31m[K^~~~~~~[m[K
[0.706s]       |                   [32m[Kcooked[m[K
[0.707s] [01m[K/home/tjddus/min/minicar_controller/kbd_reader/src/kbd_reader.cpp:[m[K In member function â€˜[01m[Kint KbdReader::keyLoop()[m[Kâ€™:
[0.707s] [01m[K/home/tjddus/min/minicar_controller/kbd_reader/src/kbd_reader.cpp:51:15:[m[K [01;31m[Kerror: [m[Kexpected primary-expression before â€˜[01m[K,[m[Kâ€™ token
[0.707s]    51 |     std::cout<[01;31m[K,[m[K"-----------------------------"<<std::endl;
[0.707s]       |               [01;31m[K^[m[K
[0.707s] [01m[K/home/tjddus/min/minicar_controller/kbd_reader/src/kbd_reader.cpp:51:47:[m[K [01;31m[Kerror: [m[Kinvalid operands of types â€˜[01m[Kconst char [30][m[Kâ€™ and â€˜[01m[K<unresolved overloaded function type>[m[Kâ€™ to binary â€˜[01m[Koperator<<[m[Kâ€™
[0.707s]    51 |     std::cout<,[01;31m[K"-----------------------------"<<std::endl[m[K;
[0.707s]       |                [01;31m[K~~~~~~~~~~~~~~~~~~~~~~~~~~~~~~~^~~~~~~~~~~[m[K
[0.707s] [01m[K/home/tjddus/min/minicar_controller/kbd_reader/src/kbd_reader.cpp:[m[K In member function â€˜[01m[Kvoid KbdReader::key_sender(char)[m[Kâ€™:
[0.707s] [01m[K/home/tjddus/min/minicar_controller/kbd_reader/src/kbd_reader.cpp:86:1:[m[K [01;31m[Kerror: [m[Kexpected â€˜[01m[K,[m[Kâ€™ or â€˜[01m[K;[m[Kâ€™ before â€˜[01m[K}[m[Kâ€™ token
[0.707s]    86 | [01;31m[K}[m[K
[0.707s]       | [01;31m[K^[m[K
[0.707s] [01m[K/home/tjddus/min/minicar_controller/kbd_reader/src/kbd_reader.cpp:85:9:[m[K [01;35m[Kwarning: [m[Kunused variable â€˜[01m[Kwrite_check[m[Kâ€™ [[01;35m[K-Wunused-variable[m[K]
[0.707s]    85 |     int [01;35m[Kwrite_check[m[K = write(client_sock, w_buff,1)
[0.707s]       |         [01;35m[K^~~~~~~~~~~[m[K
[0.892s] make[2]: *** [CMakeFiles/kbd_reader.dir/build.make:63: CMakeFiles/kbd_reader.dir/src/kbd_reader.cpp.o] Error 1
[0.892s] make[1]: *** [CMakeFiles/Makefile2:107: CMakeFiles/kbd_reader.dir/all] Error 2
[0.892s] make: *** [Makefile:141: all] Error 2
[0.895s] Invoked command in '/home/tjddus/min/minicar_controller/kbd_reader/build/kbd_reader' returned '2': CMAKE_PREFIX_PATH=/opt/ros/foxy /usr/bin/cmake --build /home/tjddus/min/minicar_controller/kbd_reader/build/kbd_reader -- -j20 -l20
