In file included from [01m[K/home/tjddus/min/minicar_controller/kbd_reader/src/kbd_reader.cpp:1[m[K:
[01m[K/home/tjddus/min/minicar_controller/kbd_reader/include/kbd_reader/kbd_reader.hpp:39:21:[m[K [01;31m[Kerror: [m[Kexpected â€˜[01m[K;[m[Kâ€™ at end of member declaration
   39 |         int keyLoop([01;31m[K)[m[K
      |                     [01;31m[K^[m[K
      |                      [32m[K;[m[K
[01m[K/home/tjddus/min/minicar_controller/kbd_reader/include/kbd_reader/kbd_reader.hpp:23:1:[m[K [01;31m[Kerror: [m[Knew types may not be defined in a return type
   23 | [01;31m[Kclass[m[K KbdReader
      | [01;31m[K^~~~~[m[K
[01m[K/home/tjddus/min/minicar_controller/kbd_reader/include/kbd_reader/kbd_reader.hpp:23:1:[m[K [01;36m[Knote: [m[K(perhaps a semicolon is missing after the definition of â€˜[01m[KKbdReader[m[Kâ€™)
[01m[K/home/tjddus/min/minicar_controller/kbd_reader/src/kbd_reader.cpp:3:76:[m[K [01;31m[Kerror: [m[Kreturn type specification for constructor invalid
    3 | er::KbdReader(std::shared_ptr<rclcpp::Node> nh, char* ip, char* port[01;31m[K)[m[K : nh_(nh)
      |                                                                     [01;31m[K^[m[K

[01m[K/home/tjddus/min/minicar_controller/kbd_reader/src/kbd_reader.cpp:[m[K In constructor â€˜[01m[KKbdReader::KbdReader(std::shared_ptr<rclcpp::Node>, char*, char*)[m[Kâ€™:
[01m[K/home/tjddus/min/minicar_controller/kbd_reader/src/kbd_reader.cpp:8:30:[m[K [01;31m[Kerror: [m[Kâ€˜[01m[Ksiseof[m[Kâ€™ was not declared in this scope
    8 |     memset(&addr_vehicle, 0, [01;31m[Ksiseof[m[K(addr_vehicle));
      |                              [01;31m[K^~~~~~[m[K
[01m[K/home/tjddus/min/minicar_controller/kbd_reader/src/kbd_reader.cpp:33:5:[m[K [01;31m[Kerror: [m[Kâ€˜[01m[Ktcgettatr[m[Kâ€™ was not declared in this scope; did you mean â€˜[01m[Ktcgetattr[m[Kâ€™?
   33 |     [01;31m[Ktcgettatr[m[K(kfd, &cooked);
      |     [01;31m[K^~~~~~~~~[m[K
      |     [32m[Ktcgetattr[m[K
[01m[K/home/tjddus/min/minicar_controller/kbd_reader/src/kbd_reader.cpp:34:19:[m[K [01;31m[Kerror: [m[Kâ€˜[01m[Kcoocked[m[Kâ€™ was not declared in this scope; did you mean â€˜[01m[Kcooked[m[Kâ€™?
   34 |     memcpy(&raw, &[01;31m[Kcoocked[m[K, sizeof(struct termios));
      |                   [01;31m[K^~~~~~~[m[K
      |                   [32m[Kcooked[m[K
[01m[K/home/tjddus/min/minicar_controller/kbd_reader/src/kbd_reader.cpp:[m[K In member function â€˜[01m[Kint KbdReader::keyLoop()[m[Kâ€™:
[01m[K/home/tjddus/min/minicar_controller/kbd_reader/src/kbd_reader.cpp:51:15:[m[K [01;31m[Kerror: [m[Kexpected primary-expression before â€˜[01m[K,[m[Kâ€™ token
   51 |     std::cout<[01;31m[K,[m[K"-----------------------------"<<std::endl;
      |               [01;31m[K^[m[K
[01m[K/home/tjddus/min/minicar_controller/kbd_reader/src/kbd_reader.cpp:51:47:[m[K [01;31m[Kerror: [m[Kinvalid operands of types â€˜[01m[Kconst char [30][m[Kâ€™ and â€˜[01m[K<unresolved overloaded function type>[m[Kâ€™ to binary â€˜[01m[Koperator<<[m[Kâ€™
   51 |     std::cout<,[01;31m[K"-----------------------------"<<std::endl[m[K;
      |                [01;31m[K~~~~~~~~~~~~~~~~~~~~~~~~~~~~~~~^~~~~~~~~~~[m[K
[01m[K/home/tjddus/min/minicar_controller/kbd_reader/src/kbd_reader.cpp:[m[K In member function â€˜[01m[Kvoid KbdReader::key_sender(char)[m[Kâ€™:
[01m[K/home/tjddus/min/minicar_controller/kbd_reader/src/kbd_reader.cpp:86:1:[m[K [01;31m[Kerror: [m[Kexpected â€˜[01m[K,[m[Kâ€™ or â€˜[01m[K;[m[Kâ€™ before â€˜[01m[K}[m[Kâ€™ token
   86 | [01;31m[K}[m[K
      | [01;31m[K^[m[K
[01m[K/home/tjddus/min/minicar_controller/kbd_reader/src/kbd_reader.cpp:85:9:[m[K [01;35m[Kwarning: [m[Kunused variable â€˜[01m[Kwrite_check[m[Kâ€™ [[01;35m[K-Wunused-variable[m[K]
   85 |     int [01;35m[Kwrite_check[m[K = write(client_sock, w_buff,1)
      |         [01;35m[K^~~~~~~~~~~[m[K
make[2]: *** [CMakeFiles/kbd_reader.dir/build.make:63: CMakeFiles/kbd_reader.dir/src/kbd_reader.cpp.o] Error 1
make[1]: *** [CMakeFiles/Makefile2:107: CMakeFiles/kbd_reader.dir/all] Error 2
make: *** [Makefile:141: all] Error 2
