[35m[1mScanning dependencies of target KbdReader[0m
[ 25%] [32mBuilding CXX object CMakeFiles/KbdReader.dir/src/kbd_reader.cpp.o[0m
[01m[K/home/tjddus/min/minicar_controller/kbd_reader/src/kbd_reader.cpp:45:6:[m[K [01;31m[Kerror: [m[Kno declaration matches â€˜[01m[Kvoid KbdReader::quit()[m[Kâ€™
   45 | void [01;31m[KKbdReader[m[K::quit()
      |      [01;31m[K^~~~~~~~~[m[K
In file included from [01m[K/home/tjddus/min/minicar_controller/kbd_reader/src/kbd_reader.cpp:1[m[K:
[01m[K/home/tjddus/min/minicar_controller/kbd_reader/include/kbd_reader/kbd_reader.hpp:41:14:[m[K [01;36m[Knote: [m[Kcandidate is: â€˜[01m[Kvoid KbdReader::quit(int)[m[Kâ€™
   41 |         void [01;36m[Kquit[m[K(int sig);
      |              [01;36m[K^~~~[m[K
[01m[K/home/tjddus/min/minicar_controller/kbd_reader/include/kbd_reader/kbd_reader.hpp:23:7:[m[K [01;36m[Knote: [m[Kâ€˜[01m[Kclass KbdReader[m[Kâ€™ defined here
   23 | class [01;36m[KKbdReader[m[K
      |       [01;36m[K^~~~~~~~~[m[K
make[2]: *** [CMakeFiles/KbdReader.dir/build.make:63: CMakeFiles/KbdReader.dir/src/kbd_reader.cpp.o] Error 1
make[1]: *** [CMakeFiles/Makefile2:134: CMakeFiles/KbdReader.dir/all] Error 2
make: *** [Makefile:141: all] Error 2
