[0.057s] Invoking command in '/home/tjddus/min/minicar_controller/kbd_reader/build/kbd_reader': CMAKE_PREFIX_PATH=${CMAKE_PREFIX_PATH}:/opt/ros/foxy /usr/bin/cmake --build /home/tjddus/min/minicar_controller/kbd_reader/build/kbd_reader -- -j20 -l20
[0.222s] [35m[1mScanning dependencies of target KbdReader[0m
[0.273s] [ 25%] [32mBuilding CXX object CMakeFiles/KbdReader.dir/src/kbd_reader.cpp.o[0m
[2.386s] [01m[K/home/tjddus/min/minicar_controller/kbd_reader/src/kbd_reader.cpp:45:6:[m[K [01;31m[Kerror: [m[Kno declaration matches â€˜[01m[Kvoid KbdReader::quit()[m[Kâ€™
[2.386s]    45 | void [01;31m[KKbdReader[m[K::quit()
[2.386s]       |      [01;31m[K^~~~~~~~~[m[K
[2.386s] In file included from [01m[K/home/tjddus/min/minicar_controller/kbd_reader/src/kbd_reader.cpp:1[m[K:
[2.386s] [01m[K/home/tjddus/min/minicar_controller/kbd_reader/include/kbd_reader/kbd_reader.hpp:41:14:[m[K [01;36m[Knote: [m[Kcandidate is: â€˜[01m[Kvoid KbdReader::quit(int)[m[Kâ€™
[2.387s]    41 |         void [01;36m[Kquit[m[K(int sig);
[2.387s]       |              [01;36m[K^~~~[m[K
[2.387s] [01m[K/home/tjddus/min/minicar_controller/kbd_reader/include/kbd_reader/kbd_reader.hpp:23:7:[m[K [01;36m[Knote: [m[Kâ€˜[01m[Kclass KbdReader[m[Kâ€™ defined here
[2.387s]    23 | class [01;36m[KKbdReader[m[K
[2.387s]       |       [01;36m[K^~~~~~~~~[m[K
[3.002s] make[2]: *** [CMakeFiles/KbdReader.dir/build.make:63: CMakeFiles/KbdReader.dir/src/kbd_reader.cpp.o] Error 1
[3.007s] make[1]: *** [CMakeFiles/Makefile2:134: CMakeFiles/KbdReader.dir/all] Error 2
[3.008s] make: *** [Makefile:141: all] Error 2
[3.008s] Invoked command in '/home/tjddus/min/minicar_controller/kbd_reader/build/kbd_reader' returned '2': CMAKE_PREFIX_PATH=${CMAKE_PREFIX_PATH}:/opt/ros/foxy /usr/bin/cmake --build /home/tjddus/min/minicar_controller/kbd_reader/build/kbd_reader -- -j20 -l20
