[0.008s] Invoking command in '/home/tjddus/min/minicar_controller/vesc_controller/build/vesc_controller': CMAKE_PREFIX_PATH=/opt/ros/foxy /usr/bin/cmake --build /home/tjddus/min/minicar_controller/vesc_controller/build/vesc_controller -- -j20 -l20
[0.033s] [35m[1mScanning dependencies of target VescController[0m
[0.053s] [ 25%] [32mBuilding CXX object CMakeFiles/VescController.dir/src/vesc_controller.cpp.o[0m
[0.729s] [01m[K/home/tjddus/min/minicar_controller/vesc_controller/src/vesc_controller.cpp:[m[K In member function â€˜[01m[Kvoid VescController::SocketSetting()[m[Kâ€™:
[0.729s] [01m[K/home/tjddus/min/minicar_controller/vesc_controller/src/vesc_controller.cpp:19:17:[m[K [01;31m[Kerror: [m[Kâ€˜[01m[Kstruct sockaddr_in[m[Kâ€™ has no member named â€˜[01m[Ksin[m[Kâ€™
[0.729s]    19 |     addr_server.[01;31m[Ksin[m[K.family = AF_INET;
[0.729s]       |                 [01;31m[K^~~[m[K
[0.729s] [01m[K/home/tjddus/min/minicar_controller/vesc_controller/src/vesc_controller.cpp:21:17:[m[K [01;31m[Kerror: [m[Kâ€˜[01m[Kstruct sockaddr_in[m[Kâ€™ has no member named â€˜[01m[Ksin[m[Kâ€™
[0.729s]    21 |     addr_server.[01;31m[Ksin[m[K.port = htons(atoi(port));
[0.729s]       |                 [01;31m[K^~~[m[K
[0.729s] [01m[K/home/tjddus/min/minicar_controller/vesc_controller/src/vesc_controller.cpp:[m[K In member function â€˜[01m[Kvoid VescController::ReceiveKey()[m[Kâ€™:
[0.729s] [01m[K/home/tjddus/min/minicar_controller/vesc_controller/src/vesc_controller.cpp:62:18:[m[K [01;35m[Kwarning: [m[Kvalue computed is not used [[01;35m[K-Wunused-value[m[K]
[0.729s]    62 |         [01;35m[Kread_chk == read(client_sock, r_buff, 1)[m[K;
[0.729s]       |         [01;35m[K~~~~~~~~~^~~~~~~~~~~~~~~~~~~~~~~~~~~~~~~[m[K
[0.931s] make[2]: *** [CMakeFiles/VescController.dir/build.make:63: CMakeFiles/VescController.dir/src/vesc_controller.cpp.o] Error 1
[0.932s] make[1]: *** [CMakeFiles/Makefile2:107: CMakeFiles/VescController.dir/all] Error 2
[0.932s] make: *** [Makefile:141: all] Error 2
[0.935s] Invoked command in '/home/tjddus/min/minicar_controller/vesc_controller/build/vesc_controller' returned '2': CMAKE_PREFIX_PATH=/opt/ros/foxy /usr/bin/cmake --build /home/tjddus/min/minicar_controller/vesc_controller/build/vesc_controller -- -j20 -l20
