-- Found ament_cmake: 0.9.9 (/opt/ros/foxy/share/ament_cmake/cmake)
-- Using PYTHON_EXECUTABLE: /usr/bin/python3
-- Found ament_cmake_auto: 0.9.9 (/opt/ros/foxy/share/ament_cmake_auto/cmake)
-- Found rclcpp: 2.4.1 (/opt/ros/foxy/share/rclcpp/cmake)
-- Using all available rosidl_typesupport_c: rosidl_typesupport_fastrtps_c;rosidl_typesupport_introspection_c
-- Found rosidl_adapter: 1.2.1 (/opt/ros/foxy/share/rosidl_adapter/cmake)
-- Using all available rosidl_typesupport_cpp: rosidl_typesupport_fastrtps_cpp;rosidl_typesupport_introspection_cpp
-- Found rmw_implementation_cmake: 1.0.3 (/opt/ros/foxy/share/rmw_implementation_cmake/cmake)
-- Using RMW implementation 'rmw_fastrtps_cpp' as default
-- Configuring done
-- Generating done
-- Build files have been written to: /home/tjddus/min/minicar_controller/kbd_reader/build/kbd_reader
[35m[1mScanning dependencies of target kbd_reader[0m
[ 25%] [32mBuilding CXX object CMakeFiles/kbd_reader.dir/src/kbd_reader.cpp.o[0m
In file included from [01m[K/home/tjddus/min/minicar_controller/kbd_reader/src/kbd_reader.cpp:1[m[K:
[01m[K/home/tjddus/min/minicar_controller/kbd_reader/include/kbd_reader/kbd_reader.hpp:7:10:[m[K [01;31m[Kfatal error: [m[Krclcpp/rclcpp.h: No such file or directory
    7 | #include [01;31m[K"rclcpp/rclcpp.h"[m[K
      |          [01;31m[K^~~~~~~~~~~~~~~~~[m[K
compilation terminated.
make[2]: *** [CMakeFiles/kbd_reader.dir/build.make:63: CMakeFiles/kbd_reader.dir/src/kbd_reader.cpp.o] Error 1
make[1]: *** [CMakeFiles/Makefile2:107: CMakeFiles/kbd_reader.dir/all] Error 2
make: *** [Makefile:141: all] Error 2
