[0.009s] Invoking command in '/home/tjddus/min/minicar_controller/kbd_reader/build/kbd_reader': CMAKE_PREFIX_PATH=/opt/ros/foxy /usr/bin/cmake /home/tjddus/min/minicar_controller/kbd_reader -DCMAKE_INSTALL_PREFIX=/home/tjddus/min/minicar_controller/kbd_reader/install/kbd_reader
[0.017s] -- Found ament_cmake: 0.9.9 (/opt/ros/foxy/share/ament_cmake/cmake)
[0.031s] -- Using PYTHON_EXECUTABLE: /usr/bin/python3
[0.120s] -- Found ament_cmake_auto: 0.9.9 (/opt/ros/foxy/share/ament_cmake_auto/cmake)
[0.120s] -- Found rclcpp: 2.4.1 (/opt/ros/foxy/share/rclcpp/cmake)
[0.138s] -- Using all available rosidl_typesupport_c: rosidl_typesupport_fastrtps_c;rosidl_typesupport_introspection_c
[0.140s] -- Found rosidl_adapter: 1.2.1 (/opt/ros/foxy/share/rosidl_adapter/cmake)
[0.204s] -- Using all available rosidl_typesupport_cpp: rosidl_typesupport_fastrtps_cpp;rosidl_typesupport_introspection_cpp
[0.231s] -- Found rmw_implementation_cmake: 1.0.3 (/opt/ros/foxy/share/rmw_implementation_cmake/cmake)
[0.232s] -- Using RMW implementation 'rmw_fastrtps_cpp' as default
[0.353s] -- Configuring done
[0.359s] -- Generating done
[0.360s] -- Build files have been written to: /home/tjddus/min/minicar_controller/kbd_reader/build/kbd_reader
[0.367s] Invoked command in '/home/tjddus/min/minicar_controller/kbd_reader/build/kbd_reader' returned '0': CMAKE_PREFIX_PATH=/opt/ros/foxy /usr/bin/cmake /home/tjddus/min/minicar_controller/kbd_reader -DCMAKE_INSTALL_PREFIX=/home/tjddus/min/minicar_controller/kbd_reader/install/kbd_reader
[0.367s] Invoking command in '/home/tjddus/min/minicar_controller/kbd_reader/build/kbd_reader': CMAKE_PREFIX_PATH=/opt/ros/foxy /usr/bin/cmake --build /home/tjddus/min/minicar_controller/kbd_reader/build/kbd_reader -- -j20 -l20
[0.390s] [35m[1mScanning dependencies of target kbd_reader[0m
[0.397s] [ 25%] [32mBuilding CXX object CMakeFiles/kbd_reader.dir/src/kbd_reader.cpp.o[0m
[0.407s] In file included from [01m[K/home/tjddus/min/minicar_controller/kbd_reader/src/kbd_reader.cpp:1[m[K:
[0.408s] [01m[K/home/tjddus/min/minicar_controller/kbd_reader/include/kbd_reader/kbd_reader.hpp:7:10:[m[K [01;31m[Kfatal error: [m[Krclcpp/rclcpp.h: No such file or directory
[0.408s]     7 | #include [01;31m[K"rclcpp/rclcpp.h"[m[K
[0.408s]       |          [01;31m[K^~~~~~~~~~~~~~~~~[m[K
[0.408s] compilation terminated.
[0.408s] make[2]: *** [CMakeFiles/kbd_reader.dir/build.make:63: CMakeFiles/kbd_reader.dir/src/kbd_reader.cpp.o] Error 1
[0.408s] make[1]: *** [CMakeFiles/Makefile2:107: CMakeFiles/kbd_reader.dir/all] Error 2
[0.408s] make: *** [Makefile:141: all] Error 2
[0.411s] Invoked command in '/home/tjddus/min/minicar_controller/kbd_reader/build/kbd_reader' returned '2': CMAKE_PREFIX_PATH=/opt/ros/foxy /usr/bin/cmake --build /home/tjddus/min/minicar_controller/kbd_reader/build/kbd_reader -- -j20 -l20
