[35m[1mScanning dependencies of target VescController[0m
[ 25%] [32mBuilding CXX object CMakeFiles/VescController.dir/src/vesc_controller.cpp.o[0m
In file included from [01m[K/home/tjddus/min/minicar_controller/vesc_controller/src/vesc_controller.cpp:1[m[K:
[01m[K/home/tjddus/min/minicar_controller/vesc_controller/include/vesc_controller/vesc_controller.hpp:58:27:[m[K [01;31m[Kerror: [m[Kâ€˜[01m[KFloat[m[Kâ€™ was not declared in this scope; did you mean â€˜[01m[Kfloat[m[Kâ€™?
   58 |         rclcpp::Publisher<[01;31m[KFloat[m[K>::SharedPtr steer_pub_;
      |                           [01;31m[K^~~~~[m[K
      |                           [32m[Kfloat[m[K
[01m[K/home/tjddus/min/minicar_controller/vesc_controller/include/vesc_controller/vesc_controller.hpp:58:32:[m[K [01;31m[Kerror: [m[Ktemplate argument 1 is invalid
   58 |         rclcpp::Publisher<Float[01;31m[K>[m[K::SharedPtr steer_pub_;
      |                                [01;31m[K^[m[K
[01m[K/home/tjddus/min/minicar_controller/vesc_controller/include/vesc_controller/vesc_controller.hpp:58:35:[m[K [01;31m[Kerror: [m[Kexpected â€˜[01m[K;[m[Kâ€™ at end of member declaration
   58 |         rclcpp::Publisher<Float>::[01;31m[KSharedPtr[m[K steer_pub_;
      |                                   [01;31m[K^~~~~~~~~[m[K
      |                                            [32m[K;[m[K
[01m[K/home/tjddus/min/minicar_controller/vesc_controller/include/vesc_controller/vesc_controller.hpp:58:45:[m[K [01;31m[Kerror: [m[Kâ€˜[01m[Ksteer_pub_[m[Kâ€™ does not name a type
   58 |         rclcpp::Publisher<Float>::SharedPtr [01;31m[Ksteer_pub_[m[K;
      |                                             [01;31m[K^~~~~~~~~~[m[K
[01m[K/home/tjddus/min/minicar_controller/vesc_controller/include/vesc_controller/vesc_controller.hpp:59:27:[m[K [01;31m[Kerror: [m[Kâ€˜[01m[KFloat[m[Kâ€™ was not declared in this scope; did you mean â€˜[01m[Kfloat[m[Kâ€™?
   59 |         rclcpp::Publisher<[01;31m[KFloat[m[K>::SharedPtr accel_pub_;
      |                           [01;31m[K^~~~~[m[K
      |                           [32m[Kfloat[m[K
[01m[K/home/tjddus/min/minicar_controller/vesc_controller/include/vesc_controller/vesc_controller.hpp:59:32:[m[K [01;31m[Kerror: [m[Ktemplate argument 1 is invalid
   59 |         rclcpp::Publisher<Float[01;31m[K>[m[K::SharedPtr accel_pub_;
      |                                [01;31m[K^[m[K
[01m[K/home/tjddus/min/minicar_controller/vesc_controller/include/vesc_controller/vesc_controller.hpp:59:35:[m[K [01;31m[Kerror: [m[Kexpected â€˜[01m[K;[m[Kâ€™ at end of member declaration
   59 |         rclcpp::Publisher<Float>::[01;31m[KSharedPtr[m[K accel_pub_;
      |                                   [01;31m[K^~~~~~~~~[m[K
      |                                            [32m[K;[m[K
[01m[K/home/tjddus/min/minicar_controller/vesc_controller/include/vesc_controller/vesc_controller.hpp:59:35:[m[K [01;31m[Kerror: [m[Kredeclaration of â€˜[01m[Kint VescController::SharedPtr[m[Kâ€™
[01m[K/home/tjddus/min/minicar_controller/vesc_controller/include/vesc_controller/vesc_controller.hpp:58:35:[m[K [01;36m[Knote: [m[Kprevious declaration â€˜[01m[Kint VescController::SharedPtr[m[Kâ€™
   58 |         rclcpp::Publisher<Float>::[01;36m[KSharedPtr[m[K steer_pub_;
      |                                   [01;36m[K^~~~~~~~~[m[K
[01m[K/home/tjddus/min/minicar_controller/vesc_controller/include/vesc_controller/vesc_controller.hpp:59:45:[m[K [01;31m[Kerror: [m[Kâ€˜[01m[Kaccel_pub_[m[Kâ€™ does not name a type
   59 |         rclcpp::Publisher<Float>::SharedPtr [01;31m[Kaccel_pub_[m[K;
      |                                             [01;31m[K^~~~~~~~~~[m[K
[01m[K/home/tjddus/min/minicar_controller/vesc_controller/include/vesc_controller/vesc_controller.hpp:60:27:[m[K [01;31m[Kerror: [m[Kâ€˜[01m[KFloat[m[Kâ€™ was not declared in this scope; did you mean â€˜[01m[Kfloat[m[Kâ€™?
   60 |         rclcpp::Publisher<[01;31m[KFloat[m[K>::SharedPtr bracke_pub_;
      |                           [01;31m[K^~~~~[m[K
      |                           [32m[Kfloat[m[K
[01m[K/home/tjddus/min/minicar_controller/vesc_controller/include/vesc_controller/vesc_controller.hpp:60:32:[m[K [01;31m[Kerror: [m[Ktemplate argument 1 is invalid
   60 |         rclcpp::Publisher<Float[01;31m[K>[m[K::SharedPtr bracke_pub_;
      |                                [01;31m[K^[m[K
[01m[K/home/tjddus/min/minicar_controller/vesc_controller/include/vesc_controller/vesc_controller.hpp:60:35:[m[K [01;31m[Kerror: [m[Kexpected â€˜[01m[K;[m[Kâ€™ at end of member declaration
   60 |         rclcpp::Publisher<Float>::[01;31m[KSharedPtr[m[K bracke_pub_;
      |                                   [01;31m[K^~~~~~~~~[m[K
      |                                            [32m[K;[m[K
[01m[K/home/tjddus/min/minicar_controller/vesc_controller/include/vesc_controller/vesc_controller.hpp:60:35:[m[K [01;31m[Kerror: [m[Kredeclaration of â€˜[01m[Kint VescController::SharedPtr[m[Kâ€™
[01m[K/home/tjddus/min/minicar_controller/vesc_controller/include/vesc_controller/vesc_controller.hpp:58:35:[m[K [01;36m[Knote: [m[Kprevious declaration â€˜[01m[Kint VescController::SharedPtr[m[Kâ€™
   58 |         rclcpp::Publisher<Float>::[01;36m[KSharedPtr[m[K steer_pub_;
      |                                   [01;36m[K^~~~~~~~~[m[K
[01m[K/home/tjddus/min/minicar_controller/vesc_controller/include/vesc_controller/vesc_controller.hpp:60:45:[m[K [01;31m[Kerror: [m[Kâ€˜[01m[Kbracke_pub_[m[Kâ€™ does not name a type
   60 |         rclcpp::Publisher<Float>::SharedPtr [01;31m[Kbracke_pub_[m[K;
      |                                             [01;31m[K^~~~~~~~~~~[m[K
[01m[K/home/tjddus/min/minicar_controller/vesc_controller/src/vesc_controller.cpp:[m[K In constructor â€˜[01m[KVescController::VescController(const rclcpp::NodeOptions&)[m[Kâ€™:
[01m[K/home/tjddus/min/minicar_controller/vesc_controller/src/vesc_controller.cpp:23:5:[m[K [01;31m[Kerror: [m[Kâ€˜[01m[Kaccel_pub_[m[Kâ€™ was not declared in this scope
   23 |     [01;31m[Kaccel_pub_[m[K = this->create_publisher<std_msgs::msg::Float64>(
      |     [01;31m[K^~~~~~~~~~[m[K
[01m[K/home/tjddus/min/minicar_controller/vesc_controller/src/vesc_controller.cpp:25:5:[m[K [01;31m[Kerror: [m[Kâ€˜[01m[Ksteer_pub_[m[Kâ€™ was not declared in this scope
   25 |     [01;31m[Ksteer_pub_[m[K = this->create_publisher<std_msgs::msg::Float64>(
      |     [01;31m[K^~~~~~~~~~[m[K
[01m[K/home/tjddus/min/minicar_controller/vesc_controller/src/vesc_controller.cpp:27:5:[m[K [01;31m[Kerror: [m[Kâ€˜[01m[Kbrake_pub_[m[Kâ€™ was not declared in this scope
   27 |     [01;31m[Kbrake_pub_[m[K = this->create_publisher<std_msgs::msg::Float64>(
      |     [01;31m[K^~~~~~~~~~[m[K
[01m[K/home/tjddus/min/minicar_controller/vesc_controller/src/vesc_controller.cpp:34:9:[m[K [01;31m[Kerror: [m[Kâ€˜[01m[Ktimer_control_[m[Kâ€™ was not declared in this scope
   34 |         [01;31m[Ktimer_control_[m[K = rclcpp::create_timer(
      |         [01;31m[K^~~~~~~~~~~~~~[m[K
[01m[K/home/tjddus/min/minicar_controller/vesc_controller/src/vesc_controller.cpp:41:20:[m[K [01;31m[Kerror: [m[Kinvalid use of non-static member function â€˜[01m[Kvoid VescController::SocketSetter()[m[Kâ€™
   41 |     std::thread t1([01;31m[KSocketSetter[m[K);
      |                    [01;31m[K^~~~~~~~~~~~[m[K
In file included from [01m[K/home/tjddus/min/minicar_controller/vesc_controller/src/vesc_controller.cpp:1[m[K:
[01m[K/home/tjddus/min/minicar_controller/vesc_controller/include/vesc_controller/vesc_controller.hpp:67:14:[m[K [01;36m[Knote: [m[Kdeclared here
   67 |         void [01;36m[KSocketSetter[m[K();
      |              [01;36m[K^~~~~~~~~~~~[m[K
[01m[K/home/tjddus/min/minicar_controller/vesc_controller/src/vesc_controller.cpp:[m[K In member function â€˜[01m[Kvoid VescController::ReceiveKey()[m[Kâ€™:
[01m[K/home/tjddus/min/minicar_controller/vesc_controller/src/vesc_controller.cpp:104:18:[m[K [01;35m[Kwarning: [m[Kvalue computed is not used [[01;35m[K-Wunused-value[m[K]
  104 |         [01;35m[Kread_chk == read(client_sock, r_buff, 1)[m[K;
      |         [01;35m[K~~~~~~~~~^~~~~~~~~~~~~~~~~~~~~~~~~~~~~~~[m[K
[01m[K/home/tjddus/min/minicar_controller/vesc_controller/src/vesc_controller.cpp:116:14:[m[K [01;31m[Kerror: [m[Krequest for member â€˜[01m[KkeyHandler[m[Kâ€™ in â€˜[01m[K(VescController*)this[m[Kâ€™, which is of pointer type â€˜[01m[KVescController*[m[Kâ€™ (maybe you meant to use â€˜[01m[K->[m[Kâ€™ ?)
  116 |         this.[01;31m[KkeyHandler[m[K(r_key);
      |              [01;31m[K^~~~~~~~~~[m[K
[01m[K/home/tjddus/min/minicar_controller/vesc_controller/src/vesc_controller.cpp:[m[K In member function â€˜[01m[Kvoid VescController::keyHandler(char)[m[Kâ€™:
[01m[K/home/tjddus/min/minicar_controller/vesc_controller/src/vesc_controller.cpp:147:17:[m[K [01;31m[Kerror: [m[Kno matching function for call to â€˜[01m[KVescController::cmd_creator()[m[Kâ€™
  147 |     cmd_creator([01;31m[K)[m[K;
      |                 [01;31m[K^[m[K
In file included from [01m[K/home/tjddus/min/minicar_controller/vesc_controller/src/vesc_controller.cpp:1[m[K:
[01m[K/home/tjddus/min/minicar_controller/vesc_controller/include/vesc_controller/vesc_controller.hpp:74:14:[m[K [01;36m[Knote: [m[Kcandidate: â€˜[01m[Kvoid VescController::cmd_creator(int, int, int)[m[Kâ€™
   74 |         void [01;36m[Kcmd_creator[m[K(int accel_hitCount, int steer_hitCount, int brake_hitCount);
      |              [01;36m[K^~~~~~~~~~~[m[K
[01m[K/home/tjddus/min/minicar_controller/vesc_controller/include/vesc_controller/vesc_controller.hpp:74:14:[m[K [01;36m[Knote: [m[K  candidate expects 3 arguments, 0 provided
[01m[K/home/tjddus/min/minicar_controller/vesc_controller/src/vesc_controller.cpp:[m[K In member function â€˜[01m[Kvoid VescController::timerCallBack()[m[Kâ€™:
[01m[K/home/tjddus/min/minicar_controller/vesc_controller/src/vesc_controller.cpp:152:10:[m[K [01;31m[Kerror: [m[Krequest for member â€˜[01m[KhitRecoverer[m[Kâ€™ in â€˜[01m[K(VescController*)this[m[Kâ€™, which is of pointer type â€˜[01m[KVescController*[m[Kâ€™ (maybe you meant to use â€˜[01m[K->[m[Kâ€™ ?)
  152 |     this.[01;31m[KhitRecoverer[m[K()
      |          [01;31m[K^~~~~~~~~~~~[m[K
[01m[K/home/tjddus/min/minicar_controller/vesc_controller/src/vesc_controller.cpp:[m[K In function â€˜[01m[Kvoid cmd_creator(int, int, int)[m[Kâ€™:
[01m[K/home/tjddus/min/minicar_controller/vesc_controller/src/vesc_controller.cpp:188:5:[m[K [01;31m[Kerror: [m[Kâ€˜[01m[Kcur_accel_arg[m[Kâ€™ was not declared in this scope
  188 |     [01;31m[Kcur_accel_arg[m[K = max_accel_arg * ((float)accel_hitCount / max_hit_count);
      |     [01;31m[K^~~~~~~~~~~~~[m[K
[01m[K/home/tjddus/min/minicar_controller/vesc_controller/src/vesc_controller.cpp:188:21:[m[K [01;31m[Kerror: [m[Kâ€˜[01m[Kmax_accel_arg[m[Kâ€™ was not declared in this scope
  188 |     cur_accel_arg = [01;31m[Kmax_accel_arg[m[K * ((float)accel_hitCount / max_hit_count);
      |                     [01;31m[K^~~~~~~~~~~~~[m[K
[01m[K/home/tjddus/min/minicar_controller/vesc_controller/src/vesc_controller.cpp:188:62:[m[K [01;31m[Kerror: [m[Kâ€˜[01m[Kmax_hit_count[m[Kâ€™ was not declared in this scope
  188 |     cur_accel_arg = max_accel_arg * ((float)accel_hitCount / [01;31m[Kmax_hit_count[m[K);
      |                                                              [01;31m[K^~~~~~~~~~~~~[m[K
[01m[K/home/tjddus/min/minicar_controller/vesc_controller/src/vesc_controller.cpp:189:5:[m[K [01;31m[Kerror: [m[Kâ€˜[01m[Kcur_steer_arg[m[Kâ€™ was not declared in this scope
  189 |     [01;31m[Kcur_steer_arg[m[K = max_rsteer_arg * ((float)steer_hitCount / max_hit_count);
      |     [01;31m[K^~~~~~~~~~~~~[m[K
[01m[K/home/tjddus/min/minicar_controller/vesc_controller/src/vesc_controller.cpp:189:21:[m[K [01;31m[Kerror: [m[Kâ€˜[01m[Kmax_rsteer_arg[m[Kâ€™ was not declared in this scope
  189 |     cur_steer_arg = [01;31m[Kmax_rsteer_arg[m[K * ((float)steer_hitCount / max_hit_count);
      |                     [01;31m[K^~~~~~~~~~~~~~[m[K
[01m[K/home/tjddus/min/minicar_controller/vesc_controller/src/vesc_controller.cpp:190:5:[m[K [01;31m[Kerror: [m[Kâ€˜[01m[Kcur_brake_arg[m[Kâ€™ was not declared in this scope
  190 |     [01;31m[Kcur_brake_arg[m[K = max_brake_arg * ((float)brake_hitCount / max_hit_count);
      |     [01;31m[K^~~~~~~~~~~~~[m[K
[01m[K/home/tjddus/min/minicar_controller/vesc_controller/src/vesc_controller.cpp:190:21:[m[K [01;31m[Kerror: [m[Kâ€˜[01m[Kmax_brake_arg[m[Kâ€™ was not declared in this scope
  190 |     cur_brake_arg = [01;31m[Kmax_brake_arg[m[K * ((float)brake_hitCount / max_hit_count);
      |                     [01;31m[K^~~~~~~~~~~~~[m[K
[01m[K/home/tjddus/min/minicar_controller/vesc_controller/src/vesc_controller.cpp:192:5:[m[K [01;31m[Kerror: [m[Kâ€˜[01m[Kcmd_publisher[m[Kâ€™ was not declared in this scope; did you mean â€˜[01m[Krmw_publish[m[Kâ€™?
  192 |     [01;31m[Kcmd_publisher[m[K(cur_accel_arg, cur_steer_arg, cur_brake_arg);
      |     [01;31m[K^~~~~~~~~~~~~[m[K
      |     [32m[Krmw_publish[m[K
[01m[K/home/tjddus/min/minicar_controller/vesc_controller/src/vesc_controller.cpp:[m[K In function â€˜[01m[Kvoid cmd_publisher(int, int, int)[m[Kâ€™:
[01m[K/home/tjddus/min/minicar_controller/vesc_controller/src/vesc_controller.cpp:197:10:[m[K [01;31m[Kerror: [m[Kâ€˜[01m[Kstd::msg[m[Kâ€™ has not been declared
  197 |     std::[01;31m[Kmsg[m[K::Float64 accel_msg;
      |          [01;31m[K^~~[m[K
[01m[K/home/tjddus/min/minicar_controller/vesc_controller/src/vesc_controller.cpp:198:10:[m[K [01;31m[Kerror: [m[Kâ€˜[01m[Kstd::msg[m[Kâ€™ has not been declared
  198 |     std::[01;31m[Kmsg[m[K::Float64 steer_msg;
      |          [01;31m[K^~~[m[K
[01m[K/home/tjddus/min/minicar_controller/vesc_controller/src/vesc_controller.cpp:199:10:[m[K [01;31m[Kerror: [m[Kâ€˜[01m[Kstd::msg[m[Kâ€™ has not been declared
  199 |     std::[01;31m[Kmsg[m[K::Float64 brake_msg;
      |          [01;31m[K^~~[m[K
[01m[K/home/tjddus/min/minicar_controller/vesc_controller/src/vesc_controller.cpp:200:5:[m[K [01;31m[Kerror: [m[Kâ€˜[01m[Kaccel_msg[m[Kâ€™ was not declared in this scope
  200 |     [01;31m[Kaccel_msg[m[K.data = cur_accel_arg;
      |     [01;31m[K^~~~~~~~~[m[K
[01m[K/home/tjddus/min/minicar_controller/vesc_controller/src/vesc_controller.cpp:201:5:[m[K [01;31m[Kerror: [m[Kâ€˜[01m[Ksteer_msg[m[Kâ€™ was not declared in this scope
  201 |     [01;31m[Ksteer_msg[m[K.data = cur_steer_arg;
      |     [01;31m[K^~~~~~~~~[m[K
[01m[K/home/tjddus/min/minicar_controller/vesc_controller/src/vesc_controller.cpp:202:5:[m[K [01;31m[Kerror: [m[Kâ€˜[01m[Kbrake_msg[m[Kâ€™ was not declared in this scope
  202 |     [01;31m[Kbrake_msg[m[K.data = cur_brake_arg;
      |     [01;31m[K^~~~~~~~~[m[K
[01m[K/home/tjddus/min/minicar_controller/vesc_controller/src/vesc_controller.cpp:204:5:[m[K [01;31m[Kerror: [m[Kâ€˜[01m[Kaccel_pub[m[Kâ€™ was not declared in this scope
  204 |     [01;31m[Kaccel_pub[m[K->publish(accel_msg);
      |     [01;31m[K^~~~~~~~~[m[K
[01m[K/home/tjddus/min/minicar_controller/vesc_controller/src/vesc_controller.cpp:205:5:[m[K [01;31m[Kerror: [m[Kâ€˜[01m[Ksteer_pub[m[Kâ€™ was not declared in this scope
  205 |     [01;31m[Ksteer_pub[m[K->publish(steer_msg);
      |     [01;31m[K^~~~~~~~~[m[K
[01m[K/home/tjddus/min/minicar_controller/vesc_controller/src/vesc_controller.cpp:207:9:[m[K [01;31m[Kerror: [m[Kâ€˜[01m[Kbrake_pub[m[Kâ€™ was not declared in this scope
  207 |         [01;31m[Kbrake_pub[m[K->publish(brake_msg);
      |         [01;31m[K^~~~~~~~~[m[K
make[2]: *** [CMakeFiles/VescController.dir/build.make:63: CMakeFiles/VescController.dir/src/vesc_controller.cpp.o] Error 1
make[1]: *** [CMakeFiles/Makefile2:107: CMakeFiles/VescController.dir/all] Error 2
make: *** [Makefile:141: all] Error 2
