[0.009s] Invoking command in '/home/tjddus/min/minicar_controller/vesc_controller/build/vesc_controller': CMAKE_PREFIX_PATH=/opt/ros/foxy /usr/bin/cmake --build /home/tjddus/min/minicar_controller/vesc_controller/build/vesc_controller -- -j20 -l20
[0.034s] [35m[1mScanning dependencies of target VescController[0m
[0.051s] [ 25%] [32mBuilding CXX object CMakeFiles/VescController.dir/src/vesc_controller.cpp.o[0m
[0.825s] In file included from [01m[K/home/tjddus/min/minicar_controller/vesc_controller/src/vesc_controller.cpp:1[m[K:
[0.825s] [01m[K/home/tjddus/min/minicar_controller/vesc_controller/include/vesc_controller/vesc_controller.hpp:58:27:[m[K [01;31m[Kerror: [m[Kâ€˜[01m[KFloat[m[Kâ€™ was not declared in this scope; did you mean â€˜[01m[Kfloat[m[Kâ€™?
[0.826s]    58 |         rclcpp::Publisher<[01;31m[KFloat[m[K>::SharedPtr steer_pub_;
[0.826s]       |                           [01;31m[K^~~~~[m[K
[0.826s]       |                           [32m[Kfloat[m[K
[0.826s] [01m[K/home/tjddus/min/minicar_controller/vesc_controller/include/vesc_controller/vesc_controller.hpp:58:32:[m[K [01;31m[Kerror: [m[Ktemplate argument 1 is invalid
[0.826s]    58 |         rclcpp::Publisher<Float[01;31m[K>[m[K::SharedPtr steer_pub_;
[0.826s]       |                                [01;31m[K^[m[K
[0.826s] [01m[K/home/tjddus/min/minicar_controller/vesc_controller/include/vesc_controller/vesc_controller.hpp:58:35:[m[K [01;31m[Kerror: [m[Kexpected â€˜[01m[K;[m[Kâ€™ at end of member declaration
[0.826s]    58 |         rclcpp::Publisher<Float>::[01;31m[KSharedPtr[m[K steer_pub_;
[0.826s]       |                                   [01;31m[K^~~~~~~~~[m[K
[0.826s]       |                                            [32m[K;[m[K
[0.827s] [01m[K/home/tjddus/min/minicar_controller/vesc_controller/include/vesc_controller/vesc_controller.hpp:58:45:[m[K [01;31m[Kerror: [m[Kâ€˜[01m[Ksteer_pub_[m[Kâ€™ does not name a type
[0.827s]    58 |         rclcpp::Publisher<Float>::SharedPtr [01;31m[Ksteer_pub_[m[K;
[0.827s]       |                                             [01;31m[K^~~~~~~~~~[m[K
[0.827s] [01m[K/home/tjddus/min/minicar_controller/vesc_controller/include/vesc_controller/vesc_controller.hpp:59:27:[m[K [01;31m[Kerror: [m[Kâ€˜[01m[KFloat[m[Kâ€™ was not declared in this scope; did you mean â€˜[01m[Kfloat[m[Kâ€™?
[0.828s]    59 |         rclcpp::Publisher<[01;31m[KFloat[m[K>::SharedPtr accel_pub_;
[0.828s]       |                           [01;31m[K^~~~~[m[K
[0.828s]       |                           [32m[Kfloat[m[K
[0.828s] [01m[K/home/tjddus/min/minicar_controller/vesc_controller/include/vesc_controller/vesc_controller.hpp:59:32:[m[K [01;31m[Kerror: [m[Ktemplate argument 1 is invalid
[0.828s]    59 |         rclcpp::Publisher<Float[01;31m[K>[m[K::SharedPtr accel_pub_;
[0.828s]       |                                [01;31m[K^[m[K
[0.828s] [01m[K/home/tjddus/min/minicar_controller/vesc_controller/include/vesc_controller/vesc_controller.hpp:59:35:[m[K [01;31m[Kerror: [m[Kexpected â€˜[01m[K;[m[Kâ€™ at end of member declaration
[0.828s]    59 |         rclcpp::Publisher<Float>::[01;31m[KSharedPtr[m[K accel_pub_;
[0.828s]       |                                   [01;31m[K^~~~~~~~~[m[K
[0.828s]       |                                            [32m[K;[m[K
[0.828s] [01m[K/home/tjddus/min/minicar_controller/vesc_controller/include/vesc_controller/vesc_controller.hpp:59:35:[m[K [01;31m[Kerror: [m[Kredeclaration of â€˜[01m[Kint VescController::SharedPtr[m[Kâ€™
[0.828s] [01m[K/home/tjddus/min/minicar_controller/vesc_controller/include/vesc_controller/vesc_controller.hpp:58:35:[m[K [01;36m[Knote: [m[Kprevious declaration â€˜[01m[Kint VescController::SharedPtr[m[Kâ€™
[0.828s]    58 |         rclcpp::Publisher<Float>::[01;36m[KSharedPtr[m[K steer_pub_;
[0.828s]       |                                   [01;36m[K^~~~~~~~~[m[K
[0.829s] [01m[K/home/tjddus/min/minicar_controller/vesc_controller/include/vesc_controller/vesc_controller.hpp:59:45:[m[K [01;31m[Kerror: [m[Kâ€˜[01m[Kaccel_pub_[m[Kâ€™ does not name a type
[0.829s]    59 |         rclcpp::Publisher<Float>::SharedPtr [01;31m[Kaccel_pub_[m[K;
[0.829s]       |                                             [01;31m[K^~~~~~~~~~[m[K
[0.829s] [01m[K/home/tjddus/min/minicar_controller/vesc_controller/include/vesc_controller/vesc_controller.hpp:60:27:[m[K [01;31m[Kerror: [m[Kâ€˜[01m[KFloat[m[Kâ€™ was not declared in this scope; did you mean â€˜[01m[Kfloat[m[Kâ€™?
[0.830s]    60 |         rclcpp::Publisher<[01;31m[KFloat[m[K>::SharedPtr bracke_pub_;
[0.830s]       |                           [01;31m[K^~~~~[m[K
[0.830s]       |                           [32m[Kfloat[m[K
[0.830s] [01m[K/home/tjddus/min/minicar_controller/vesc_controller/include/vesc_controller/vesc_controller.hpp:60:32:[m[K [01;31m[Kerror: [m[Ktemplate argument 1 is invalid
[0.830s]    60 |         rclcpp::Publisher<Float[01;31m[K>[m[K::SharedPtr bracke_pub_;
[0.830s]       |                                [01;31m[K^[m[K
[0.830s] [01m[K/home/tjddus/min/minicar_controller/vesc_controller/include/vesc_controller/vesc_controller.hpp:60:35:[m[K [01;31m[Kerror: [m[Kexpected â€˜[01m[K;[m[Kâ€™ at end of member declaration
[0.830s]    60 |         rclcpp::Publisher<Float>::[01;31m[KSharedPtr[m[K bracke_pub_;
[0.830s]       |                                   [01;31m[K^~~~~~~~~[m[K
[0.830s]       |                                            [32m[K;[m[K
[0.830s] [01m[K/home/tjddus/min/minicar_controller/vesc_controller/include/vesc_controller/vesc_controller.hpp:60:35:[m[K [01;31m[Kerror: [m[Kredeclaration of â€˜[01m[Kint VescController::SharedPtr[m[Kâ€™
[0.830s] [01m[K/home/tjddus/min/minicar_controller/vesc_controller/include/vesc_controller/vesc_controller.hpp:58:35:[m[K [01;36m[Knote: [m[Kprevious declaration â€˜[01m[Kint VescController::SharedPtr[m[Kâ€™
[0.830s]    58 |         rclcpp::Publisher<Float>::[01;36m[KSharedPtr[m[K steer_pub_;
[0.830s]       |                                   [01;36m[K^~~~~~~~~[m[K
[0.831s] [01m[K/home/tjddus/min/minicar_controller/vesc_controller/include/vesc_controller/vesc_controller.hpp:60:45:[m[K [01;31m[Kerror: [m[Kâ€˜[01m[Kbracke_pub_[m[Kâ€™ does not name a type
[0.831s]    60 |         rclcpp::Publisher<Float>::SharedPtr [01;31m[Kbracke_pub_[m[K;
[0.831s]       |                                             [01;31m[K^~~~~~~~~~~[m[K
[0.833s] [01m[K/home/tjddus/min/minicar_controller/vesc_controller/src/vesc_controller.cpp:[m[K In constructor â€˜[01m[KVescController::VescController(const rclcpp::NodeOptions&)[m[Kâ€™:
[0.833s] [01m[K/home/tjddus/min/minicar_controller/vesc_controller/src/vesc_controller.cpp:23:5:[m[K [01;31m[Kerror: [m[Kâ€˜[01m[Kaccel_pub_[m[Kâ€™ was not declared in this scope
[0.833s]    23 |     [01;31m[Kaccel_pub_[m[K = this->create_publisher<std_msgs::msg::Float64>(
[0.833s]       |     [01;31m[K^~~~~~~~~~[m[K
[0.836s] [01m[K/home/tjddus/min/minicar_controller/vesc_controller/src/vesc_controller.cpp:25:5:[m[K [01;31m[Kerror: [m[Kâ€˜[01m[Ksteer_pub_[m[Kâ€™ was not declared in this scope
[0.836s]    25 |     [01;31m[Ksteer_pub_[m[K = this->create_publisher<std_msgs::msg::Float64>(
[0.836s]       |     [01;31m[K^~~~~~~~~~[m[K
[0.838s] [01m[K/home/tjddus/min/minicar_controller/vesc_controller/src/vesc_controller.cpp:27:5:[m[K [01;31m[Kerror: [m[Kâ€˜[01m[Kbrake_pub_[m[Kâ€™ was not declared in this scope
[0.838s]    27 |     [01;31m[Kbrake_pub_[m[K = this->create_publisher<std_msgs::msg::Float64>(
[0.838s]       |     [01;31m[K^~~~~~~~~~[m[K
[0.841s] [01m[K/home/tjddus/min/minicar_controller/vesc_controller/src/vesc_controller.cpp:34:9:[m[K [01;31m[Kerror: [m[Kâ€˜[01m[Ktimer_control_[m[Kâ€™ was not declared in this scope
[0.841s]    34 |         [01;31m[Ktimer_control_[m[K = rclcpp::create_timer(
[0.841s]       |         [01;31m[K^~~~~~~~~~~~~~[m[K
[0.844s] [01m[K/home/tjddus/min/minicar_controller/vesc_controller/src/vesc_controller.cpp:41:20:[m[K [01;31m[Kerror: [m[Kinvalid use of non-static member function â€˜[01m[Kvoid VescController::SocketSetter()[m[Kâ€™
[0.844s]    41 |     std::thread t1([01;31m[KSocketSetter[m[K);
[0.844s]       |                    [01;31m[K^~~~~~~~~~~~[m[K
[0.844s] In file included from [01m[K/home/tjddus/min/minicar_controller/vesc_controller/src/vesc_controller.cpp:1[m[K:
[0.844s] [01m[K/home/tjddus/min/minicar_controller/vesc_controller/include/vesc_controller/vesc_controller.hpp:67:14:[m[K [01;36m[Knote: [m[Kdeclared here
[0.844s]    67 |         void [01;36m[KSocketSetter[m[K();
[0.844s]       |              [01;36m[K^~~~~~~~~~~~[m[K
[0.845s] [01m[K/home/tjddus/min/minicar_controller/vesc_controller/src/vesc_controller.cpp:[m[K In member function â€˜[01m[Kvoid VescController::ReceiveKey()[m[Kâ€™:
[0.845s] [01m[K/home/tjddus/min/minicar_controller/vesc_controller/src/vesc_controller.cpp:104:18:[m[K [01;35m[Kwarning: [m[Kvalue computed is not used [[01;35m[K-Wunused-value[m[K]
[0.846s]   104 |         [01;35m[Kread_chk == read(client_sock, r_buff, 1)[m[K;
[0.846s]       |         [01;35m[K~~~~~~~~~^~~~~~~~~~~~~~~~~~~~~~~~~~~~~~~[m[K
[0.846s] [01m[K/home/tjddus/min/minicar_controller/vesc_controller/src/vesc_controller.cpp:116:14:[m[K [01;31m[Kerror: [m[Krequest for member â€˜[01m[KkeyHandler[m[Kâ€™ in â€˜[01m[K(VescController*)this[m[Kâ€™, which is of pointer type â€˜[01m[KVescController*[m[Kâ€™ (maybe you meant to use â€˜[01m[K->[m[Kâ€™ ?)
[0.846s]   116 |         this.[01;31m[KkeyHandler[m[K(r_key);
[0.846s]       |              [01;31m[K^~~~~~~~~~[m[K
[0.846s] [01m[K/home/tjddus/min/minicar_controller/vesc_controller/src/vesc_controller.cpp:[m[K In member function â€˜[01m[Kvoid VescController::keyHandler(char)[m[Kâ€™:
[0.846s] [01m[K/home/tjddus/min/minicar_controller/vesc_controller/src/vesc_controller.cpp:147:17:[m[K [01;31m[Kerror: [m[Kno matching function for call to â€˜[01m[KVescController::cmd_creator()[m[Kâ€™
[0.846s]   147 |     cmd_creator([01;31m[K)[m[K;
[0.846s]       |                 [01;31m[K^[m[K
[0.846s] In file included from [01m[K/home/tjddus/min/minicar_controller/vesc_controller/src/vesc_controller.cpp:1[m[K:
[0.846s] [01m[K/home/tjddus/min/minicar_controller/vesc_controller/include/vesc_controller/vesc_controller.hpp:74:14:[m[K [01;36m[Knote: [m[Kcandidate: â€˜[01m[Kvoid VescController::cmd_creator(int, int, int)[m[Kâ€™
[0.846s]    74 |         void [01;36m[Kcmd_creator[m[K(int accel_hitCount, int steer_hitCount, int brake_hitCount);
[0.846s]       |              [01;36m[K^~~~~~~~~~~[m[K
[0.846s] [01m[K/home/tjddus/min/minicar_controller/vesc_controller/include/vesc_controller/vesc_controller.hpp:74:14:[m[K [01;36m[Knote: [m[K  candidate expects 3 arguments, 0 provided
[0.847s] [01m[K/home/tjddus/min/minicar_controller/vesc_controller/src/vesc_controller.cpp:[m[K In member function â€˜[01m[Kvoid VescController::timerCallBack()[m[Kâ€™:
[0.847s] [01m[K/home/tjddus/min/minicar_controller/vesc_controller/src/vesc_controller.cpp:152:10:[m[K [01;31m[Kerror: [m[Krequest for member â€˜[01m[KhitRecoverer[m[Kâ€™ in â€˜[01m[K(VescController*)this[m[Kâ€™, which is of pointer type â€˜[01m[KVescController*[m[Kâ€™ (maybe you meant to use â€˜[01m[K->[m[Kâ€™ ?)
[0.847s]   152 |     this.[01;31m[KhitRecoverer[m[K()
[0.847s]       |          [01;31m[K^~~~~~~~~~~~[m[K
[0.847s] [01m[K/home/tjddus/min/minicar_controller/vesc_controller/src/vesc_controller.cpp:[m[K In function â€˜[01m[Kvoid cmd_creator(int, int, int)[m[Kâ€™:
[0.847s] [01m[K/home/tjddus/min/minicar_controller/vesc_controller/src/vesc_controller.cpp:188:5:[m[K [01;31m[Kerror: [m[Kâ€˜[01m[Kcur_accel_arg[m[Kâ€™ was not declared in this scope
[0.847s]   188 |     [01;31m[Kcur_accel_arg[m[K = max_accel_arg * ((float)accel_hitCount / max_hit_count);
[0.848s]       |     [01;31m[K^~~~~~~~~~~~~[m[K
[0.848s] [01m[K/home/tjddus/min/minicar_controller/vesc_controller/src/vesc_controller.cpp:188:21:[m[K [01;31m[Kerror: [m[Kâ€˜[01m[Kmax_accel_arg[m[Kâ€™ was not declared in this scope
[0.849s]   188 |     cur_accel_arg = [01;31m[Kmax_accel_arg[m[K * ((float)accel_hitCount / max_hit_count);
[0.849s]       |                     [01;31m[K^~~~~~~~~~~~~[m[K
[0.850s] [01m[K/home/tjddus/min/minicar_controller/vesc_controller/src/vesc_controller.cpp:188:62:[m[K [01;31m[Kerror: [m[Kâ€˜[01m[Kmax_hit_count[m[Kâ€™ was not declared in this scope
[0.850s]   188 |     cur_accel_arg = max_accel_arg * ((float)accel_hitCount / [01;31m[Kmax_hit_count[m[K);
[0.850s]       |                                                              [01;31m[K^~~~~~~~~~~~~[m[K
[0.851s] [01m[K/home/tjddus/min/minicar_controller/vesc_controller/src/vesc_controller.cpp:189:5:[m[K [01;31m[Kerror: [m[Kâ€˜[01m[Kcur_steer_arg[m[Kâ€™ was not declared in this scope
[0.851s]   189 |     [01;31m[Kcur_steer_arg[m[K = max_rsteer_arg * ((float)steer_hitCount / max_hit_count);
[0.851s]       |     [01;31m[K^~~~~~~~~~~~~[m[K
[0.852s] [01m[K/home/tjddus/min/minicar_controller/vesc_controller/src/vesc_controller.cpp:189:21:[m[K [01;31m[Kerror: [m[Kâ€˜[01m[Kmax_rsteer_arg[m[Kâ€™ was not declared in this scope
[0.852s]   189 |     cur_steer_arg = [01;31m[Kmax_rsteer_arg[m[K * ((float)steer_hitCount / max_hit_count);
[0.852s]       |                     [01;31m[K^~~~~~~~~~~~~~[m[K
[0.853s] [01m[K/home/tjddus/min/minicar_controller/vesc_controller/src/vesc_controller.cpp:190:5:[m[K [01;31m[Kerror: [m[Kâ€˜[01m[Kcur_brake_arg[m[Kâ€™ was not declared in this scope
[0.854s]   190 |     [01;31m[Kcur_brake_arg[m[K = max_brake_arg * ((float)brake_hitCount / max_hit_count);
[0.854s]       |     [01;31m[K^~~~~~~~~~~~~[m[K
[0.855s] [01m[K/home/tjddus/min/minicar_controller/vesc_controller/src/vesc_controller.cpp:190:21:[m[K [01;31m[Kerror: [m[Kâ€˜[01m[Kmax_brake_arg[m[Kâ€™ was not declared in this scope
[0.855s]   190 |     cur_brake_arg = [01;31m[Kmax_brake_arg[m[K * ((float)brake_hitCount / max_hit_count);
[0.855s]       |                     [01;31m[K^~~~~~~~~~~~~[m[K
[0.856s] [01m[K/home/tjddus/min/minicar_controller/vesc_controller/src/vesc_controller.cpp:192:5:[m[K [01;31m[Kerror: [m[Kâ€˜[01m[Kcmd_publisher[m[Kâ€™ was not declared in this scope; did you mean â€˜[01m[Krmw_publish[m[Kâ€™?
[0.856s]   192 |     [01;31m[Kcmd_publisher[m[K(cur_accel_arg, cur_steer_arg, cur_brake_arg);
[0.856s]       |     [01;31m[K^~~~~~~~~~~~~[m[K
[0.856s]       |     [32m[Krmw_publish[m[K
[0.856s] [01m[K/home/tjddus/min/minicar_controller/vesc_controller/src/vesc_controller.cpp:[m[K In function â€˜[01m[Kvoid cmd_publisher(int, int, int)[m[Kâ€™:
[0.856s] [01m[K/home/tjddus/min/minicar_controller/vesc_controller/src/vesc_controller.cpp:197:10:[m[K [01;31m[Kerror: [m[Kâ€˜[01m[Kstd::msg[m[Kâ€™ has not been declared
[0.856s]   197 |     std::[01;31m[Kmsg[m[K::Float64 accel_msg;
[0.856s]       |          [01;31m[K^~~[m[K
[0.856s] [01m[K/home/tjddus/min/minicar_controller/vesc_controller/src/vesc_controller.cpp:198:10:[m[K [01;31m[Kerror: [m[Kâ€˜[01m[Kstd::msg[m[Kâ€™ has not been declared
[0.856s]   198 |     std::[01;31m[Kmsg[m[K::Float64 steer_msg;
[0.856s]       |          [01;31m[K^~~[m[K
[0.856s] [01m[K/home/tjddus/min/minicar_controller/vesc_controller/src/vesc_controller.cpp:199:10:[m[K [01;31m[Kerror: [m[Kâ€˜[01m[Kstd::msg[m[Kâ€™ has not been declared
[0.856s]   199 |     std::[01;31m[Kmsg[m[K::Float64 brake_msg;
[0.856s]       |          [01;31m[K^~~[m[K
[0.856s] [01m[K/home/tjddus/min/minicar_controller/vesc_controller/src/vesc_controller.cpp:200:5:[m[K [01;31m[Kerror: [m[Kâ€˜[01m[Kaccel_msg[m[Kâ€™ was not declared in this scope
[0.856s]   200 |     [01;31m[Kaccel_msg[m[K.data = cur_accel_arg;
[0.856s]       |     [01;31m[K^~~~~~~~~[m[K
[0.857s] [01m[K/home/tjddus/min/minicar_controller/vesc_controller/src/vesc_controller.cpp:201:5:[m[K [01;31m[Kerror: [m[Kâ€˜[01m[Ksteer_msg[m[Kâ€™ was not declared in this scope
[0.857s]   201 |     [01;31m[Ksteer_msg[m[K.data = cur_steer_arg;
[0.857s]       |     [01;31m[K^~~~~~~~~[m[K
[0.858s] [01m[K/home/tjddus/min/minicar_controller/vesc_controller/src/vesc_controller.cpp:202:5:[m[K [01;31m[Kerror: [m[Kâ€˜[01m[Kbrake_msg[m[Kâ€™ was not declared in this scope
[0.858s]   202 |     [01;31m[Kbrake_msg[m[K.data = cur_brake_arg;
[0.858s]       |     [01;31m[K^~~~~~~~~[m[K
[0.859s] [01m[K/home/tjddus/min/minicar_controller/vesc_controller/src/vesc_controller.cpp:204:5:[m[K [01;31m[Kerror: [m[Kâ€˜[01m[Kaccel_pub[m[Kâ€™ was not declared in this scope
[0.859s]   204 |     [01;31m[Kaccel_pub[m[K->publish(accel_msg);
[0.859s]       |     [01;31m[K^~~~~~~~~[m[K
[0.860s] [01m[K/home/tjddus/min/minicar_controller/vesc_controller/src/vesc_controller.cpp:205:5:[m[K [01;31m[Kerror: [m[Kâ€˜[01m[Ksteer_pub[m[Kâ€™ was not declared in this scope
[0.860s]   205 |     [01;31m[Ksteer_pub[m[K->publish(steer_msg);
[0.860s]       |     [01;31m[K^~~~~~~~~[m[K
[0.861s] [01m[K/home/tjddus/min/minicar_controller/vesc_controller/src/vesc_controller.cpp:207:9:[m[K [01;31m[Kerror: [m[Kâ€˜[01m[Kbrake_pub[m[Kâ€™ was not declared in this scope
[0.861s]   207 |         [01;31m[Kbrake_pub[m[K->publish(brake_msg);
[0.861s]       |         [01;31m[K^~~~~~~~~[m[K
[1.337s] make[2]: *** [CMakeFiles/VescController.dir/build.make:63: CMakeFiles/VescController.dir/src/vesc_controller.cpp.o] Error 1
[1.338s] make[1]: *** [CMakeFiles/Makefile2:107: CMakeFiles/VescController.dir/all] Error 2
[1.338s] make: *** [Makefile:141: all] Error 2
[1.340s] Invoked command in '/home/tjddus/min/minicar_controller/vesc_controller/build/vesc_controller' returned '2': CMAKE_PREFIX_PATH=/opt/ros/foxy /usr/bin/cmake --build /home/tjddus/min/minicar_controller/vesc_controller/build/vesc_controller -- -j20 -l20
