[0.023s] Invoking command in '/home/tjddus/min/minicar_controller/kbd_reader/build/kbd_reader': CMAKE_PREFIX_PATH=${CMAKE_PREFIX_PATH}:/opt/ros/foxy /usr/bin/cmake --build /home/tjddus/min/minicar_controller/kbd_reader/build/kbd_reader -- -j20 -l20
[0.084s] [ 50%] Built target KbdReader
[0.105s] [ 75%] [32mBuilding CXX object CMakeFiles/KbdReader_node.dir/src/kbd_reader_node.cpp.o[0m
[1.148s] [01m[K/home/tjddus/min/minicar_controller/kbd_reader/src/kbd_reader_node.cpp:[m[K In function â€˜[01m[Kint main(int, char**)[m[Kâ€™:
[1.149s] [01m[K/home/tjddus/min/minicar_controller/kbd_reader/src/kbd_reader_node.cpp:21:19:[m[K [01;31m[Kerror: [m[Kcannot convert â€˜[01m[Kvoid (KbdReader::*)(int)[m[Kâ€™ to â€˜[01m[K__sighandler_t[m[Kâ€™ {aka â€˜[01m[Kvoid (*)(int)[m[Kâ€™}
[1.149s]    21 |     signal(SIGINT,[01;31m[K&KbdReader::quit[m[K);
[1.149s]       |                   [01;31m[K^~~~~~~~~~~~~~~~[m[K
[1.149s]       |                   [01;31m[K|[m[K
[1.149s]       |                   [01;31m[Kvoid (KbdReader::*)(int)[m[K
[1.149s] In file included from [01m[K/home/tjddus/min/minicar_controller/kbd_reader/include/kbd_reader/kbd_reader.hpp:4[m[K,
[1.149s]                  from [01m[K/home/tjddus/min/minicar_controller/kbd_reader/src/kbd_reader_node.cpp:3[m[K:
[1.149s] [01m[K/usr/include/signal.h:88:57:[m[K [01;36m[Knote: [m[K  initializing argument 2 of â€˜[01m[Kvoid (* signal(int, __sighandler_t))(int)[m[Kâ€™
[1.149s]    88 | extern __sighandler_t signal (int __sig, [01;36m[K__sighandler_t __handler[m[K)
[1.149s]       |                                          [01;36m[K~~~~~~~~~~~~~~~^~~~~~~~~[m[K
[1.434s] make[2]: *** [CMakeFiles/KbdReader_node.dir/build.make:63: CMakeFiles/KbdReader_node.dir/src/kbd_reader_node.cpp.o] Error 1
[1.434s] make[1]: *** [CMakeFiles/Makefile2:80: CMakeFiles/KbdReader_node.dir/all] Error 2
[1.434s] make: *** [Makefile:141: all] Error 2
[1.436s] Invoked command in '/home/tjddus/min/minicar_controller/kbd_reader/build/kbd_reader' returned '2': CMAKE_PREFIX_PATH=${CMAKE_PREFIX_PATH}:/opt/ros/foxy /usr/bin/cmake --build /home/tjddus/min/minicar_controller/kbd_reader/build/kbd_reader -- -j20 -l20
