[0.008s] Invoking command in '/home/tjddus/min/minicar_controller/kbd_reader/build/kbd_reader': CMAKE_PREFIX_PATH=/opt/ros/foxy /usr/bin/cmake --build /home/tjddus/min/minicar_controller/kbd_reader/build/kbd_reader -- -j20 -l20
[0.037s] [35m[1mScanning dependencies of target KbdReader[0m
[0.055s] [ 25%] [32mBuilding CXX object CMakeFiles/KbdReader.dir/src/kbd_reader.cpp.o[0m
[0.761s] [01m[K/home/tjddus/min/minicar_controller/kbd_reader/src/kbd_reader.cpp:[m[K In constructor â€˜[01m[KKbdReader::KbdReader(std::shared_ptr<rclcpp::Node>, char*, char*, termios*, termios*)[m[Kâ€™:
[0.761s] [01m[K/home/tjddus/min/minicar_controller/kbd_reader/src/kbd_reader.cpp:35:9:[m[K [01;31m[Kerror: [m[Krequest for member â€˜[01m[Kc_lflag[m[Kâ€™ in â€˜[01m[Kraw[m[Kâ€™, which is of pointer type â€˜[01m[Ktermios*[m[Kâ€™ (maybe you meant to use â€˜[01m[K->[m[Kâ€™ ?)
[0.761s]    35 |     raw.[01;31m[Kc_lflag[m[K &=~ (ICANON | ECHO);
[0.761s]       |         [01;31m[K^~~~~~~[m[K
[0.761s] [01m[K/home/tjddus/min/minicar_controller/kbd_reader/src/kbd_reader.cpp:37:9:[m[K [01;31m[Kerror: [m[Krequest for member â€˜[01m[Kc_cc[m[Kâ€™ in â€˜[01m[Kraw[m[Kâ€™, which is of pointer type â€˜[01m[Ktermios*[m[Kâ€™ (maybe you meant to use â€˜[01m[K->[m[Kâ€™ ?)
[0.761s]    37 |     raw.[01;31m[Kc_cc[m[K[VEOL] = 1;
[0.761s]       |         [01;31m[K^~~~[m[K
[0.761s] [01m[K/home/tjddus/min/minicar_controller/kbd_reader/src/kbd_reader.cpp:38:9:[m[K [01;31m[Kerror: [m[Krequest for member â€˜[01m[Kc_cc[m[Kâ€™ in â€˜[01m[Kraw[m[Kâ€™, which is of pointer type â€˜[01m[Ktermios*[m[Kâ€™ (maybe you meant to use â€˜[01m[K->[m[Kâ€™ ?)
[0.761s]    38 |     raw.[01;31m[Kc_cc[m[K[VEOF] = 2;
[0.761s]       |         [01;31m[K^~~~[m[K
[0.961s] make[2]: *** [CMakeFiles/KbdReader.dir/build.make:63: CMakeFiles/KbdReader.dir/src/kbd_reader.cpp.o] Error 1
[0.961s] make[1]: *** [CMakeFiles/Makefile2:134: CMakeFiles/KbdReader.dir/all] Error 2
[0.962s] make: *** [Makefile:141: all] Error 2
[0.965s] Invoked command in '/home/tjddus/min/minicar_controller/kbd_reader/build/kbd_reader' returned '2': CMAKE_PREFIX_PATH=/opt/ros/foxy /usr/bin/cmake --build /home/tjddus/min/minicar_controller/kbd_reader/build/kbd_reader -- -j20 -l20
