[01m[K/home/tjddus/min/minicar_controller/kbd_reader/src/kbd_reader.cpp:[m[K In member function â€˜[01m[Kvoid KbdReader::key_sending(char)[m[Kâ€™:
[01m[K/home/tjddus/min/minicar_controller/kbd_reader/src/kbd_reader.cpp:93:9:[m[K [01;35m[Kwarning: [m[Kvariable â€˜[01m[Kwrite_check[m[Kâ€™ set but not used [[01;35m[K-Wunused-but-set-variable[m[K]
   93 |     int [01;35m[Kwrite_check[m[K = 0;
      |         [01;35m[K^~~~~~~~~~~[m[K
[01m[K/home/tjddus/min/minicar_controller/kbd_reader/src/kbd_reader_node.cpp:7:18:[m[K [01;31m[Kerror: [m[Kexpected â€˜[01m[K)[m[Kâ€™ before â€˜[01m[K{[m[Kâ€™ token
    7 | void quit[34m[K([m[Kint sig
      |          [34m[K~[m[K       [01;31m[K^[m[K
      |                  [32m[K)[m[K
    8 | [32m[K{[m[K
      | [32m[K~[m[K                 
[01m[K/home/tjddus/min/minicar_controller/kbd_reader/src/kbd_reader_node.cpp:[m[K In function â€˜[01m[Kvoid quit(int)[m[Kâ€™:
[01m[K/home/tjddus/min/minicar_controller/kbd_reader/src/kbd_reader_node.cpp:10:19:[m[K [01;31m[Kerror: [m[Kcannot call member function â€˜[01m[Kvoid KbdReader::quit()[m[Kâ€™ without object
   10 |   KbdReader::quit([01;31m[K)[m[K;
      |                   [01;31m[K^[m[K
make[2]: *** [CMakeFiles/KbdReader_node.dir/build.make:63: CMakeFiles/KbdReader_node.dir/src/kbd_reader_node.cpp.o] Error 1
make[1]: *** [CMakeFiles/Makefile2:80: CMakeFiles/KbdReader_node.dir/all] Error 2
make: *** [Makefile:141: all] Error 2
