[0.046s] Invoking command in '/home/tjddus/min/minicar_controller/kbd_reader/build/kbd_reader': CMAKE_PREFIX_PATH=${CMAKE_PREFIX_PATH}:/opt/ros/foxy /usr/bin/cmake --build /home/tjddus/min/minicar_controller/kbd_reader/build/kbd_reader -- -j20 -l20
[0.273s] [35m[1mScanning dependencies of target KbdReader[0m
[0.330s] [ 25%] [32mBuilding CXX object CMakeFiles/KbdReader.dir/src/kbd_reader.cpp.o[0m
[2.679s] [01m[K/home/tjddus/min/minicar_controller/kbd_reader/src/kbd_reader.cpp:[m[K In member function â€˜[01m[Kvoid KbdReader::key_sending(char)[m[Kâ€™:
[2.679s] [01m[K/home/tjddus/min/minicar_controller/kbd_reader/src/kbd_reader.cpp:93:9:[m[K [01;35m[Kwarning: [m[Kvariable â€˜[01m[Kwrite_check[m[Kâ€™ set but not used [[01;35m[K-Wunused-but-set-variable[m[K]
[2.681s]    93 |     int [01;35m[Kwrite_check[m[K = 0;
[2.681s]       |         [01;35m[K^~~~~~~~~~~[m[K
[3.545s] [ 50%] [32m[1mLinking CXX shared library libKbdReader.so[0m
[3.881s] [ 50%] Built target KbdReader
[3.908s] [35m[1mScanning dependencies of target KbdReader_node[0m
[3.988s] [ 75%] [32mBuilding CXX object CMakeFiles/KbdReader_node.dir/src/kbd_reader_node.cpp.o[0m
[6.791s] [01m[K/home/tjddus/min/minicar_controller/kbd_reader/src/kbd_reader_node.cpp:7:18:[m[K [01;31m[Kerror: [m[Kexpected â€˜[01m[K)[m[Kâ€™ before â€˜[01m[K{[m[Kâ€™ token
[6.791s]     7 | void quit[34m[K([m[Kint sig
[6.791s]       |          [34m[K~[m[K       [01;31m[K^[m[K
[6.791s]       |                  [32m[K)[m[K
[6.791s]     8 | [32m[K{[m[K
[6.792s]       | [32m[K~[m[K                 
[6.792s] [01m[K/home/tjddus/min/minicar_controller/kbd_reader/src/kbd_reader_node.cpp:[m[K In function â€˜[01m[Kvoid quit(int)[m[Kâ€™:
[6.792s] [01m[K/home/tjddus/min/minicar_controller/kbd_reader/src/kbd_reader_node.cpp:10:19:[m[K [01;31m[Kerror: [m[Kcannot call member function â€˜[01m[Kvoid KbdReader::quit()[m[Kâ€™ without object
[6.792s]    10 |   KbdReader::quit([01;31m[K)[m[K;
[6.792s]       |                   [01;31m[K^[m[K
[7.630s] make[2]: *** [CMakeFiles/KbdReader_node.dir/build.make:63: CMakeFiles/KbdReader_node.dir/src/kbd_reader_node.cpp.o] Error 1
[7.631s] make[1]: *** [CMakeFiles/Makefile2:80: CMakeFiles/KbdReader_node.dir/all] Error 2
[7.631s] make: *** [Makefile:141: all] Error 2
[7.636s] Invoked command in '/home/tjddus/min/minicar_controller/kbd_reader/build/kbd_reader' returned '2': CMAKE_PREFIX_PATH=${CMAKE_PREFIX_PATH}:/opt/ros/foxy /usr/bin/cmake --build /home/tjddus/min/minicar_controller/kbd_reader/build/kbd_reader -- -j20 -l20
