[01m[K/home/tjddus/min/minicar_controller/vesc_controller/src/vesc_controller.cpp:[m[K In member function â€˜[01m[Kvoid VescController::ReceiveKey()[m[Kâ€™:
[01m[K/home/tjddus/min/minicar_controller/vesc_controller/src/vesc_controller.cpp:62:18:[m[K [01;35m[Kwarning: [m[Kvalue computed is not used [[01;35m[K-Wunused-value[m[K]
   62 |         [01;35m[Kread_chk == read(client_sock, r_buff, 1)[m[K;
      |         [01;35m[K~~~~~~~~~^~~~~~~~~~~~~~~~~~~~~~~~~~~~~~~[m[K
[01m[K/home/tjddus/min/minicar_controller/vesc_controller/src/vesc_controller_node.cpp:[m[K In function â€˜[01m[Kint main(int, char**)[m[Kâ€™:
[01m[K/home/tjddus/min/minicar_controller/vesc_controller/src/vesc_controller_node.cpp:10:17:[m[K [01;31m[Kerror: [m[Kâ€˜[01m[KNodeOption[m[Kâ€™ is not a member of â€˜[01m[Krclcpp[m[Kâ€™; did you mean â€˜[01m[KNodeOptions[m[Kâ€™?
   10 |         rclcpp::[01;31m[KNodeOption[m[K());
      |                 [01;31m[K^~~~~~~~~~[m[K
      |                 [32m[KNodeOptions[m[K
make[2]: *** [CMakeFiles/VescController_node.dir/build.make:63: CMakeFiles/VescController_node.dir/src/vesc_controller_node.cpp.o] Error 1
make[1]: *** [CMakeFiles/Makefile2:80: CMakeFiles/VescController_node.dir/all] Error 2
make: *** [Makefile:141: all] Error 2
