[0.007s] Invoking command in '/home/tjddus/min/minicar_controller/vesc_controller/build/vesc_controller': CMAKE_PREFIX_PATH=/opt/ros/foxy /usr/bin/cmake --build /home/tjddus/min/minicar_controller/vesc_controller/build/vesc_controller -- -j20 -l20
[0.033s] [35m[1mScanning dependencies of target VescController[0m
[0.048s] [ 25%] [32mBuilding CXX object CMakeFiles/VescController.dir/src/vesc_controller.cpp.o[0m
[0.736s] [01m[K/home/tjddus/min/minicar_controller/vesc_controller/src/vesc_controller.cpp:[m[K In member function â€˜[01m[Kvoid VescController::ReceiveKey()[m[Kâ€™:
[0.736s] [01m[K/home/tjddus/min/minicar_controller/vesc_controller/src/vesc_controller.cpp:62:18:[m[K [01;35m[Kwarning: [m[Kvalue computed is not used [[01;35m[K-Wunused-value[m[K]
[0.736s]    62 |         [01;35m[Kread_chk == read(client_sock, r_buff, 1)[m[K;
[0.736s]       |         [01;35m[K~~~~~~~~~^~~~~~~~~~~~~~~~~~~~~~~~~~~~~~~[m[K
[0.931s] [ 50%] [32m[1mLinking CXX shared library libVescController.so[0m
[0.989s] [ 50%] Built target VescController
[0.995s] [35m[1mScanning dependencies of target VescController_node[0m
[1.012s] [ 75%] [32mBuilding CXX object CMakeFiles/VescController_node.dir/src/vesc_controller_node.cpp.o[0m
[1.620s] [01m[K/home/tjddus/min/minicar_controller/vesc_controller/src/vesc_controller_node.cpp:[m[K In function â€˜[01m[Kint main(int, char**)[m[Kâ€™:
[1.620s] [01m[K/home/tjddus/min/minicar_controller/vesc_controller/src/vesc_controller_node.cpp:10:17:[m[K [01;31m[Kerror: [m[Kâ€˜[01m[KNodeOption[m[Kâ€™ is not a member of â€˜[01m[Krclcpp[m[Kâ€™; did you mean â€˜[01m[KNodeOptions[m[Kâ€™?
[1.620s]    10 |         rclcpp::[01;31m[KNodeOption[m[K());
[1.620s]       |                 [01;31m[K^~~~~~~~~~[m[K
[1.620s]       |                 [32m[KNodeOptions[m[K
[1.795s] make[2]: *** [CMakeFiles/VescController_node.dir/build.make:63: CMakeFiles/VescController_node.dir/src/vesc_controller_node.cpp.o] Error 1
[1.795s] make[1]: *** [CMakeFiles/Makefile2:80: CMakeFiles/VescController_node.dir/all] Error 2
[1.795s] make: *** [Makefile:141: all] Error 2
[1.798s] Invoked command in '/home/tjddus/min/minicar_controller/vesc_controller/build/vesc_controller' returned '2': CMAKE_PREFIX_PATH=/opt/ros/foxy /usr/bin/cmake --build /home/tjddus/min/minicar_controller/vesc_controller/build/vesc_controller -- -j20 -l20
