[0.008s] Invoking command in '/home/tjddus/min/minicar_controller/vesc_controller/build/vesc_controller': CMAKE_PREFIX_PATH=/opt/ros/foxy /usr/bin/cmake --build /home/tjddus/min/minicar_controller/vesc_controller/build/vesc_controller -- -j20 -l20
[0.031s] [35m[1mScanning dependencies of target VescController[0m
[0.045s] [ 25%] [32mBuilding CXX object CMakeFiles/VescController.dir/src/vesc_controller.cpp.o[0m
[0.716s] [01m[K/home/tjddus/min/minicar_controller/vesc_controller/src/vesc_controller.cpp:101:40:[m[K [01;31m[Kerror: [m[Kcannot declare member function â€˜[01m[Kstatic void VescController::ReceiveKey()[m[Kâ€™ to have static linkage [[01;31m[K-fpermissive[m[K]
[0.716s]   101 | static void VescController::ReceiveKey([01;31m[K)[m[K
[0.716s]       |                                        [01;31m[K^[m[K
[0.716s] [01m[K/home/tjddus/min/minicar_controller/vesc_controller/src/vesc_controller.cpp:[m[K In static member function â€˜[01m[Kstatic void VescController::ReceiveKey()[m[Kâ€™:
[0.716s] [01m[K/home/tjddus/min/minicar_controller/vesc_controller/src/vesc_controller.cpp:104:16:[m[K [01;31m[Kerror: [m[Kinvalid use of member â€˜[01m[KVescController::r_buff[m[Kâ€™ in static member function
[0.716s]   104 |         memset([01;31m[Kr_buff[m[K, 0 ,256);
[0.716s]       |                [01;31m[K^~~~~~[m[K
[0.716s] In file included from [01m[K/home/tjddus/min/minicar_controller/vesc_controller/src/vesc_controller.cpp:1[m[K:
[0.716s] [01m[K/home/tjddus/min/minicar_controller/vesc_controller/include/vesc_controller/vesc_controller.hpp:37:14:[m[K [01;36m[Knote: [m[Kdeclared here
[0.716s]    37 |         char [01;36m[Kr_buff[m[K[256];
[0.716s]       |              [01;36m[K^~~~~~[m[K
[0.716s] [01m[K/home/tjddus/min/minicar_controller/vesc_controller/src/vesc_controller.cpp:106:26:[m[K [01;31m[Kerror: [m[Kinvalid use of member â€˜[01m[KVescController::client_sock[m[Kâ€™ in static member function
[0.716s]   106 |         read_chk == read([01;31m[Kclient_sock[m[K, r_buff, 1);
[0.716s]       |                          [01;31m[K^~~~~~~~~~~[m[K
[0.716s] In file included from [01m[K/home/tjddus/min/minicar_controller/vesc_controller/src/vesc_controller.cpp:1[m[K:
[0.716s] [01m[K/home/tjddus/min/minicar_controller/vesc_controller/include/vesc_controller/vesc_controller.hpp:36:13:[m[K [01;36m[Knote: [m[Kdeclared here
[0.716s]    36 |         int [01;36m[Kclient_sock[m[K;
[0.716s]       |             [01;36m[K^~~~~~~~~~~[m[K
[0.716s] [01m[K/home/tjddus/min/minicar_controller/vesc_controller/src/vesc_controller.cpp:106:39:[m[K [01;31m[Kerror: [m[Kinvalid use of member â€˜[01m[KVescController::r_buff[m[Kâ€™ in static member function
[0.717s]   106 |         read_chk == read(client_sock, [01;31m[Kr_buff[m[K, 1);
[0.717s]       |                                       [01;31m[K^~~~~~[m[K
[0.717s] In file included from [01m[K/home/tjddus/min/minicar_controller/vesc_controller/src/vesc_controller.cpp:1[m[K:
[0.717s] [01m[K/home/tjddus/min/minicar_controller/vesc_controller/include/vesc_controller/vesc_controller.hpp:37:14:[m[K [01;36m[Knote: [m[Kdeclared here
[0.717s]    37 |         char [01;36m[Kr_buff[m[K[256];
[0.717s]       |              [01;36m[K^~~~~~[m[K
[0.717s] [01m[K/home/tjddus/min/minicar_controller/vesc_controller/src/vesc_controller.cpp:112:13:[m[K [01;31m[Kerror: [m[Kinvalid use of member â€˜[01m[KVescController::r_buff[m[Kâ€™ in static member function
[0.717s]   112 |             [01;31m[Kr_buff[m[K[strlen(r_buff)] = '\n';
[0.717s]       |             [01;31m[K^~~~~~[m[K
[0.717s] In file included from [01m[K/home/tjddus/min/minicar_controller/vesc_controller/src/vesc_controller.cpp:1[m[K:
[0.717s] [01m[K/home/tjddus/min/minicar_controller/vesc_controller/include/vesc_controller/vesc_controller.hpp:37:14:[m[K [01;36m[Knote: [m[Kdeclared here
[0.717s]    37 |         char [01;36m[Kr_buff[m[K[256];
[0.717s]       |              [01;36m[K^~~~~~[m[K
[0.717s] [01m[K/home/tjddus/min/minicar_controller/vesc_controller/src/vesc_controller.cpp:112:27:[m[K [01;31m[Kerror: [m[Kinvalid use of member â€˜[01m[KVescController::r_buff[m[Kâ€™ in static member function
[0.717s]   112 |             r_buff[strlen([01;31m[Kr_buff[m[K)] = '\n';
[0.717s]       |                           [01;31m[K^~~~~~[m[K
[0.717s] In file included from [01m[K/home/tjddus/min/minicar_controller/vesc_controller/src/vesc_controller.cpp:1[m[K:
[0.717s] [01m[K/home/tjddus/min/minicar_controller/vesc_controller/include/vesc_controller/vesc_controller.hpp:37:14:[m[K [01;36m[Knote: [m[Kdeclared here
[0.717s]    37 |         char [01;36m[Kr_buff[m[K[256];
[0.717s]       |              [01;36m[K^~~~~~[m[K
[0.717s] [01m[K/home/tjddus/min/minicar_controller/vesc_controller/src/vesc_controller.cpp:115:9:[m[K [01;31m[Kerror: [m[Kinvalid use of member â€˜[01m[KVescController::r_key[m[Kâ€™ in static member function
[0.717s]   115 |         [01;31m[Kr_key[m[K = r_buff[0];
[0.717s]       |         [01;31m[K^~~~~[m[K
[0.717s] In file included from [01m[K/home/tjddus/min/minicar_controller/vesc_controller/src/vesc_controller.cpp:1[m[K:
[0.717s] [01m[K/home/tjddus/min/minicar_controller/vesc_controller/include/vesc_controller/vesc_controller.hpp:38:14:[m[K [01;36m[Knote: [m[Kdeclared here
[0.717s]    38 |         char [01;36m[Kr_key[m[K;
[0.717s]       |              [01;36m[K^~~~~[m[K
[0.717s] [01m[K/home/tjddus/min/minicar_controller/vesc_controller/src/vesc_controller.cpp:115:17:[m[K [01;31m[Kerror: [m[Kinvalid use of member â€˜[01m[KVescController::r_buff[m[Kâ€™ in static member function
[0.717s]   115 |         r_key = [01;31m[Kr_buff[m[K[0];
[0.717s]       |                 [01;31m[K^~~~~~[m[K
[0.717s] In file included from [01m[K/home/tjddus/min/minicar_controller/vesc_controller/src/vesc_controller.cpp:1[m[K:
[0.717s] [01m[K/home/tjddus/min/minicar_controller/vesc_controller/include/vesc_controller/vesc_controller.hpp:37:14:[m[K [01;36m[Knote: [m[Kdeclared here
[0.717s]    37 |         char [01;36m[Kr_buff[m[K[256];
[0.717s]       |              [01;36m[K^~~~~~[m[K
[0.717s] [01m[K/home/tjddus/min/minicar_controller/vesc_controller/src/vesc_controller.cpp:116:40:[m[K [01;31m[Kerror: [m[Kinvalid use of member â€˜[01m[KVescController::r_key[m[Kâ€™ in static member function
[0.717s]   116 |         std::cout<<"received key : "<< [01;31m[Kr_key[m[K <<std::endl;
[0.717s]       |                                        [01;31m[K^~~~~[m[K
[0.717s] In file included from [01m[K/home/tjddus/min/minicar_controller/vesc_controller/src/vesc_controller.cpp:1[m[K:
[0.717s] [01m[K/home/tjddus/min/minicar_controller/vesc_controller/include/vesc_controller/vesc_controller.hpp:38:14:[m[K [01;36m[Knote: [m[Kdeclared here
[0.718s]    38 |         char [01;36m[Kr_key[m[K;
[0.718s]       |              [01;36m[K^~~~~[m[K
[0.718s] [01m[K/home/tjddus/min/minicar_controller/vesc_controller/src/vesc_controller.cpp:118:20:[m[K [01;31m[Kerror: [m[Kinvalid use of member â€˜[01m[KVescController::r_key[m[Kâ€™ in static member function
[0.718s]   118 |         keyHandler([01;31m[Kr_key[m[K);
[0.718s]       |                    [01;31m[K^~~~~[m[K
[0.718s] In file included from [01m[K/home/tjddus/min/minicar_controller/vesc_controller/src/vesc_controller.cpp:1[m[K:
[0.718s] [01m[K/home/tjddus/min/minicar_controller/vesc_controller/include/vesc_controller/vesc_controller.hpp:38:14:[m[K [01;36m[Knote: [m[Kdeclared here
[0.718s]    38 |         char [01;36m[Kr_key[m[K;
[0.718s]       |              [01;36m[K^~~~~[m[K
[1.181s] make[2]: *** [CMakeFiles/VescController.dir/build.make:63: CMakeFiles/VescController.dir/src/vesc_controller.cpp.o] Error 1
[1.181s] make[1]: *** [CMakeFiles/Makefile2:107: CMakeFiles/VescController.dir/all] Error 2
[1.181s] make: *** [Makefile:141: all] Error 2
[1.184s] Invoked command in '/home/tjddus/min/minicar_controller/vesc_controller/build/vesc_controller' returned '2': CMAKE_PREFIX_PATH=/opt/ros/foxy /usr/bin/cmake --build /home/tjddus/min/minicar_controller/vesc_controller/build/vesc_controller -- -j20 -l20
