[35m[1mScanning dependencies of target KbdReader[0m
[ 25%] [32mBuilding CXX object CMakeFiles/KbdReader.dir/src/kbd_reader.cpp.o[0m
[01m[K/home/tjddus/min/minicar_controller/kbd_reader/src/kbd_reader.cpp:[m[K In member function â€˜[01m[Kvoid KbdReader::key_sending(char)[m[Kâ€™:
[01m[K/home/tjddus/min/minicar_controller/kbd_reader/src/kbd_reader.cpp:94:9:[m[K [01;35m[Kwarning: [m[Kvariable â€˜[01m[Kwrite_check[m[Kâ€™ set but not used [[01;35m[K-Wunused-but-set-variable[m[K]
   94 |     int [01;35m[Kwrite_check[m[K = 0;
      |         [01;35m[K^~~~~~~~~~~[m[K
[ 50%] [32m[1mLinking CXX shared library libKbdReader.so[0m
[ 50%] Built target KbdReader
[35m[1mScanning dependencies of target KbdReader_node[0m
[ 75%] [32mBuilding CXX object CMakeFiles/KbdReader_node.dir/src/kbd_reader_node.cpp.o[0m
[01m[K/home/tjddus/min/minicar_controller/kbd_reader/src/kbd_reader_node.cpp:[m[K In function â€˜[01m[Kint main(int, char**)[m[Kâ€™:
[01m[K/home/tjddus/min/minicar_controller/kbd_reader/src/kbd_reader_node.cpp:20:34:[m[K [01;31m[Kerror: [m[Kno matching function for call to â€˜[01m[KKbdReader::quit()[m[Kâ€™
   20 |     signal(SIGINT,kbdReader.quit([01;31m[K)[m[K);
      |                                  [01;31m[K^[m[K
In file included from [01m[K/home/tjddus/min/minicar_controller/kbd_reader/src/kbd_reader_node.cpp:3[m[K:
[01m[K/home/tjddus/min/minicar_controller/kbd_reader/include/kbd_reader/kbd_reader.hpp:41:14:[m[K [01;36m[Knote: [m[Kcandidate: â€˜[01m[Kvoid KbdReader::quit(int)[m[Kâ€™
   41 |         void [01;36m[Kquit[m[K(int sig);
      |              [01;36m[K^~~~[m[K
[01m[K/home/tjddus/min/minicar_controller/kbd_reader/include/kbd_reader/kbd_reader.hpp:41:14:[m[K [01;36m[Knote: [m[K  candidate expects 1 argument, 0 provided
make[2]: *** [CMakeFiles/KbdReader_node.dir/build.make:63: CMakeFiles/KbdReader_node.dir/src/kbd_reader_node.cpp.o] Error 1
make[1]: *** [CMakeFiles/Makefile2:80: CMakeFiles/KbdReader_node.dir/all] Error 2
make: *** [Makefile:141: all] Error 2
