[01m[K/home/tjddus/min/minicar_controller/vesc_controller/src/vesc_controller.cpp:[m[K In constructor â€˜[01m[KVescController::VescController(const rclcpp::NodeOptions&)[m[Kâ€™:
[01m[K/home/tjddus/min/minicar_controller/vesc_controller/src/vesc_controller.cpp:41:20:[m[K [01;31m[Kerror: [m[Kinvalid use of non-static member function â€˜[01m[Kvoid VescController::SocketSetter()[m[Kâ€™
   41 |     std::thread t1([01;31m[KSocketSetter[m[K);
      |                    [01;31m[K^~~~~~~~~~~~[m[K
In file included from [01m[K/home/tjddus/min/minicar_controller/vesc_controller/src/vesc_controller.cpp:1[m[K:
[01m[K/home/tjddus/min/minicar_controller/vesc_controller/include/vesc_controller/vesc_controller.hpp:68:14:[m[K [01;36m[Knote: [m[Kdeclared here
   68 |         void [01;36m[KSocketSetter[m[K();
      |              [01;36m[K^~~~~~~~~~~~[m[K
[01m[K/home/tjddus/min/minicar_controller/vesc_controller/src/vesc_controller.cpp:[m[K In member function â€˜[01m[Kvoid VescController::ReceiveKey()[m[Kâ€™:
[01m[K/home/tjddus/min/minicar_controller/vesc_controller/src/vesc_controller.cpp:104:18:[m[K [01;35m[Kwarning: [m[Kvalue computed is not used [[01;35m[K-Wunused-value[m[K]
  104 |         [01;35m[Kread_chk == read(client_sock, r_buff, 1)[m[K;
      |         [01;35m[K~~~~~~~~~^~~~~~~~~~~~~~~~~~~~~~~~~~~~~~~[m[K
[01m[K/home/tjddus/min/minicar_controller/vesc_controller/src/vesc_controller.cpp:[m[K In member function â€˜[01m[Kvoid VescController::timerCallBack()[m[Kâ€™:
[01m[K/home/tjddus/min/minicar_controller/vesc_controller/src/vesc_controller.cpp:152:19:[m[K [01;31m[Kerror: [m[Kexpected â€˜[01m[K;[m[Kâ€™ before â€˜[01m[K}[m[Kâ€™ token
  152 |     hitRecoverer()
      |                   [01;31m[K^[m[K
      |                   [32m[K;[m[K
  153 | [32m[K}[m[K
      | [32m[K~[m[K                  
[01m[K/home/tjddus/min/minicar_controller/vesc_controller/src/vesc_controller.cpp:[m[K In function â€˜[01m[Kvoid cmd_creator(int, int, int)[m[Kâ€™:
[01m[K/home/tjddus/min/minicar_controller/vesc_controller/src/vesc_controller.cpp:188:5:[m[K [01;31m[Kerror: [m[Kâ€˜[01m[Kcur_accel_arg[m[Kâ€™ was not declared in this scope
  188 |     [01;31m[Kcur_accel_arg[m[K = max_accel_arg * ((float)accel_hitCount / max_hit_count);
      |     [01;31m[K^~~~~~~~~~~~~[m[K
[01m[K/home/tjddus/min/minicar_controller/vesc_controller/src/vesc_controller.cpp:188:21:[m[K [01;31m[Kerror: [m[Kâ€˜[01m[Kmax_accel_arg[m[Kâ€™ was not declared in this scope
  188 |     cur_accel_arg = [01;31m[Kmax_accel_arg[m[K * ((float)accel_hitCount / max_hit_count);
      |                     [01;31m[K^~~~~~~~~~~~~[m[K
[01m[K/home/tjddus/min/minicar_controller/vesc_controller/src/vesc_controller.cpp:188:62:[m[K [01;31m[Kerror: [m[Kâ€˜[01m[Kmax_hit_count[m[Kâ€™ was not declared in this scope
  188 |     cur_accel_arg = max_accel_arg * ((float)accel_hitCount / [01;31m[Kmax_hit_count[m[K);
      |                                                              [01;31m[K^~~~~~~~~~~~~[m[K
[01m[K/home/tjddus/min/minicar_controller/vesc_controller/src/vesc_controller.cpp:189:5:[m[K [01;31m[Kerror: [m[Kâ€˜[01m[Kcur_steer_arg[m[Kâ€™ was not declared in this scope
  189 |     [01;31m[Kcur_steer_arg[m[K = max_rsteer_arg * ((float)steer_hitCount / max_hit_count);
      |     [01;31m[K^~~~~~~~~~~~~[m[K
[01m[K/home/tjddus/min/minicar_controller/vesc_controller/src/vesc_controller.cpp:189:21:[m[K [01;31m[Kerror: [m[Kâ€˜[01m[Kmax_rsteer_arg[m[Kâ€™ was not declared in this scope
  189 |     cur_steer_arg = [01;31m[Kmax_rsteer_arg[m[K * ((float)steer_hitCount / max_hit_count);
      |                     [01;31m[K^~~~~~~~~~~~~~[m[K
[01m[K/home/tjddus/min/minicar_controller/vesc_controller/src/vesc_controller.cpp:190:5:[m[K [01;31m[Kerror: [m[Kâ€˜[01m[Kcur_brake_arg[m[Kâ€™ was not declared in this scope
  190 |     [01;31m[Kcur_brake_arg[m[K = max_brake_arg * ((float)brake_hitCount / max_hit_count);
      |     [01;31m[K^~~~~~~~~~~~~[m[K
[01m[K/home/tjddus/min/minicar_controller/vesc_controller/src/vesc_controller.cpp:190:21:[m[K [01;31m[Kerror: [m[Kâ€˜[01m[Kmax_brake_arg[m[Kâ€™ was not declared in this scope
  190 |     cur_brake_arg = [01;31m[Kmax_brake_arg[m[K * ((float)brake_hitCount / max_hit_count);
      |                     [01;31m[K^~~~~~~~~~~~~[m[K
[01m[K/home/tjddus/min/minicar_controller/vesc_controller/src/vesc_controller.cpp:192:5:[m[K [01;31m[Kerror: [m[Kâ€˜[01m[Kcmd_publisher[m[Kâ€™ was not declared in this scope; did you mean â€˜[01m[Krmw_publish[m[Kâ€™?
  192 |     [01;31m[Kcmd_publisher[m[K(cur_accel_arg, cur_steer_arg, cur_brake_arg);
      |     [01;31m[K^~~~~~~~~~~~~[m[K
      |     [32m[Krmw_publish[m[K
[01m[K/home/tjddus/min/minicar_controller/vesc_controller/src/vesc_controller.cpp:[m[K In function â€˜[01m[Kvoid cmd_publisher(int, int, int)[m[Kâ€™:
[01m[K/home/tjddus/min/minicar_controller/vesc_controller/src/vesc_controller.cpp:197:10:[m[K [01;31m[Kerror: [m[Kâ€˜[01m[Kstd::msg[m[Kâ€™ has not been declared
  197 |     std::[01;31m[Kmsg[m[K::Float64 accel_msg;
      |          [01;31m[K^~~[m[K
[01m[K/home/tjddus/min/minicar_controller/vesc_controller/src/vesc_controller.cpp:198:10:[m[K [01;31m[Kerror: [m[Kâ€˜[01m[Kstd::msg[m[Kâ€™ has not been declared
  198 |     std::[01;31m[Kmsg[m[K::Float64 steer_msg;
      |          [01;31m[K^~~[m[K
[01m[K/home/tjddus/min/minicar_controller/vesc_controller/src/vesc_controller.cpp:199:10:[m[K [01;31m[Kerror: [m[Kâ€˜[01m[Kstd::msg[m[Kâ€™ has not been declared
  199 |     std::[01;31m[Kmsg[m[K::Float64 brake_msg;
      |          [01;31m[K^~~[m[K
[01m[K/home/tjddus/min/minicar_controller/vesc_controller/src/vesc_controller.cpp:200:5:[m[K [01;31m[Kerror: [m[Kâ€˜[01m[Kaccel_msg[m[Kâ€™ was not declared in this scope
  200 |     [01;31m[Kaccel_msg[m[K.data = cur_accel_arg;
      |     [01;31m[K^~~~~~~~~[m[K
[01m[K/home/tjddus/min/minicar_controller/vesc_controller/src/vesc_controller.cpp:201:5:[m[K [01;31m[Kerror: [m[Kâ€˜[01m[Ksteer_msg[m[Kâ€™ was not declared in this scope
  201 |     [01;31m[Ksteer_msg[m[K.data = cur_steer_arg;
      |     [01;31m[K^~~~~~~~~[m[K
[01m[K/home/tjddus/min/minicar_controller/vesc_controller/src/vesc_controller.cpp:202:5:[m[K [01;31m[Kerror: [m[Kâ€˜[01m[Kbrake_msg[m[Kâ€™ was not declared in this scope
  202 |     [01;31m[Kbrake_msg[m[K.data = cur_brake_arg;
      |     [01;31m[K^~~~~~~~~[m[K
[01m[K/home/tjddus/min/minicar_controller/vesc_controller/src/vesc_controller.cpp:204:5:[m[K [01;31m[Kerror: [m[Kâ€˜[01m[Kaccel_pub[m[Kâ€™ was not declared in this scope
  204 |     [01;31m[Kaccel_pub[m[K->publish(accel_msg);
      |     [01;31m[K^~~~~~~~~[m[K
[01m[K/home/tjddus/min/minicar_controller/vesc_controller/src/vesc_controller.cpp:205:5:[m[K [01;31m[Kerror: [m[Kâ€˜[01m[Ksteer_pub[m[Kâ€™ was not declared in this scope
  205 |     [01;31m[Ksteer_pub[m[K->publish(steer_msg);
      |     [01;31m[K^~~~~~~~~[m[K
[01m[K/home/tjddus/min/minicar_controller/vesc_controller/src/vesc_controller.cpp:207:9:[m[K [01;31m[Kerror: [m[Kâ€˜[01m[Kbrake_pub[m[Kâ€™ was not declared in this scope
  207 |         [01;31m[Kbrake_pub[m[K->publish(brake_msg);
      |         [01;31m[K^~~~~~~~~[m[K
make[2]: *** [CMakeFiles/VescController.dir/build.make:63: CMakeFiles/VescController.dir/src/vesc_controller.cpp.o] Error 1
make[1]: *** [CMakeFiles/Makefile2:107: CMakeFiles/VescController.dir/all] Error 2
make: *** [Makefile:141: all] Error 2
