[01m[K/home/tjddus/min/minicar_controller/kbd_reader/src/kbd_reader_node.cpp:[m[K In function â€˜[01m[Kint main(int, char**)[m[Kâ€™:
[01m[K/home/tjddus/min/minicar_controller/kbd_reader/src/kbd_reader_node.cpp:20:34:[m[K [01;31m[Kerror: [m[Kexpected primary-expression before â€˜[01m[Kint[m[Kâ€™
   20 |     signal(SIGINT,kbdReader.quit([01;31m[Kint[m[K));
      |                                  [01;31m[K^~~[m[K
make[2]: *** [CMakeFiles/KbdReader_node.dir/build.make:63: CMakeFiles/KbdReader_node.dir/src/kbd_reader_node.cpp.o] Error 1
make[1]: *** [CMakeFiles/Makefile2:80: CMakeFiles/KbdReader_node.dir/all] Error 2
make: *** [Makefile:141: all] Error 2
