[0.008s] Invoking command in '/home/tjddus/min/minicar_controller/vesc_controller/build/vesc_controller': CMAKE_PREFIX_PATH=/opt/ros/foxy /usr/bin/cmake --build /home/tjddus/min/minicar_controller/vesc_controller/build/vesc_controller -- -j20 -l20
[0.032s] [35m[1mScanning dependencies of target VescController[0m
[0.049s] [ 25%] [32mBuilding CXX object CMakeFiles/VescController.dir/src/vesc_controller.cpp.o[0m
[0.719s] [01m[K/home/tjddus/min/minicar_controller/vesc_controller/src/vesc_controller.cpp:[m[K In member function â€˜[01m[Kvoid VescController::SocketSetting()[m[Kâ€™:
[0.719s] [01m[K/home/tjddus/min/minicar_controller/vesc_controller/src/vesc_controller.cpp:15:5:[m[K [01;31m[Kerror: [m[Kâ€˜[01m[Kcout[m[Kâ€™ was not declared in this scope; did you mean â€˜[01m[Kstd::cout[m[Kâ€™?
[0.719s]    15 |     [01;31m[Kcout[m[K << "write port for connection : ";
[0.719s]       |     [01;31m[K^~~~[m[K
[0.719s]       |     [32m[Kstd::cout[m[K
[0.719s] In file included from [01m[K/opt/ros/foxy/include/rclcpp/executor.hpp:22[m[K,
[0.719s]                  from [01m[K/opt/ros/foxy/include/rclcpp/executors/multi_threaded_executor.hpp:26[m[K,
[0.719s]                  from [01m[K/opt/ros/foxy/include/rclcpp/executors.hpp:21[m[K,
[0.719s]                  from [01m[K/opt/ros/foxy/include/rclcpp/rclcpp.hpp:146[m[K,
[0.719s]                  from [01m[K/home/tjddus/min/minicar_controller/vesc_controller/include/vesc_controller/vesc_controller.hpp:8[m[K,
[0.719s]                  from [01m[K/home/tjddus/min/minicar_controller/vesc_controller/src/vesc_controller.cpp:1[m[K:
[0.719s] [01m[K/usr/include/c++/9/iostream:61:18:[m[K [01;36m[Knote: [m[Kâ€˜[01m[Kstd::cout[m[Kâ€™ declared here
[0.719s]    61 |   extern ostream [01;36m[Kcout[m[K;  /// Linked to standard output
[0.719s]       |                  [01;36m[K^~~~[m[K
[0.720s] [01m[K/home/tjddus/min/minicar_controller/vesc_controller/src/vesc_controller.cpp:16:5:[m[K [01;31m[Kerror: [m[Kâ€˜[01m[Kcin[m[Kâ€™ was not declared in this scope; did you mean â€˜[01m[Kstd::cin[m[Kâ€™?
[0.720s]    16 |     [01;31m[Kcin[m[K >> port;
[0.720s]       |     [01;31m[K^~~[m[K
[0.720s]       |     [32m[Kstd::cin[m[K
[0.720s] In file included from [01m[K/opt/ros/foxy/include/rclcpp/executor.hpp:22[m[K,
[0.720s]                  from [01m[K/opt/ros/foxy/include/rclcpp/executors/multi_threaded_executor.hpp:26[m[K,
[0.720s]                  from [01m[K/opt/ros/foxy/include/rclcpp/executors.hpp:21[m[K,
[0.720s]                  from [01m[K/opt/ros/foxy/include/rclcpp/rclcpp.hpp:146[m[K,
[0.720s]                  from [01m[K/home/tjddus/min/minicar_controller/vesc_controller/include/vesc_controller/vesc_controller.hpp:8[m[K,
[0.720s]                  from [01m[K/home/tjddus/min/minicar_controller/vesc_controller/src/vesc_controller.cpp:1[m[K:
[0.720s] [01m[K/usr/include/c++/9/iostream:60:18:[m[K [01;36m[Knote: [m[Kâ€˜[01m[Kstd::cin[m[Kâ€™ declared here
[0.720s]    60 |   extern istream [01;36m[Kcin[m[K;  /// Linked to standard input
[0.720s]       |                  [01;36m[K^~~[m[K
[0.720s] [01m[K/home/tjddus/min/minicar_controller/vesc_controller/src/vesc_controller.cpp:19:17:[m[K [01;31m[Kerror: [m[Kâ€˜[01m[Kstruct sockaddr_in[m[Kâ€™ has no member named â€˜[01m[Ksin[m[Kâ€™
[0.720s]    19 |     addr_server.[01;31m[Ksin[m[K.family = AF_INET;
[0.720s]       |                 [01;31m[K^~~[m[K
[0.720s] [01m[K/home/tjddus/min/minicar_controller/vesc_controller/src/vesc_controller.cpp:20:35:[m[K [01;31m[Kerror: [m[Kâ€˜[01m[Khton[m[Kâ€™ was not declared in this scope; did you mean â€˜[01m[Khtons[m[Kâ€™?
[0.720s]    20 |     addr_server.sin_addr.s_addr = [01;31m[Khton[m[K(INADDR_ANY);
[0.720s]       |                                   [01;31m[K^~~~[m[K
[0.720s]       |                                   [32m[Khtons[m[K
[0.720s] [01m[K/home/tjddus/min/minicar_controller/vesc_controller/src/vesc_controller.cpp:21:17:[m[K [01;31m[Kerror: [m[Kâ€˜[01m[Kstruct sockaddr_in[m[Kâ€™ has no member named â€˜[01m[Ksin[m[Kâ€™
[0.720s]    21 |     addr_server.[01;31m[Ksin[m[K.port = htons(atoi(port));
[0.720s]       |                 [01;31m[K^~~[m[K
[0.721s] [01m[K/home/tjddus/min/minicar_controller/vesc_controller/src/vesc_controller.cpp:31:51:[m[K [01;31m[Kerror: [m[Kâ€˜[01m[Ksizeif[m[Kâ€™ was not declared in this scope; did you mean â€˜[01m[Ksize_t[m[Kâ€™?
[0.721s]    31 |     if(bind(server_sock, (sockaddr*)&addr_server, [01;31m[Ksizeif[m[K(addr_server)) == -1){
[0.721s]       |                                                   [01;31m[K^~~~~~[m[K
[0.721s]       |                                                   [32m[Ksize_t[m[K
[0.721s] [01m[K/home/tjddus/min/minicar_controller/vesc_controller/src/vesc_controller.cpp:45:46:[m[K [01;31m[Kerror: [m[Kexpected â€˜[01m[K;[m[Kâ€™ before â€˜[01m[Kclient_sock[m[Kâ€™
[0.721s]    45 |     addr_client_len = sizeof(addr_client_len)
[0.721s]       |                                              [01;31m[K^[m[K
[0.722s]       |                                              [32m[K;[m[K
[0.722s]    46 | 
[0.722s]    47 |     [32m[Kclient_sock[m[K = accept(server_sock, (sockaddr*) &addr_client, &addr_client_len);
[0.722s]       |     [32m[K~~~~~~~~~~~[m[K                               
[0.722s] [01m[K/home/tjddus/min/minicar_controller/vesc_controller/src/vesc_controller.cpp:[m[K In member function â€˜[01m[Kvoid VescController::ReceiveKey()[m[Kâ€™:
[0.722s] [01m[K/home/tjddus/min/minicar_controller/vesc_controller/src/vesc_controller.cpp:62:18:[m[K [01;35m[Kwarning: [m[Kvalue computed is not used [[01;35m[K-Wunused-value[m[K]
[0.722s]    62 |         [01;35m[Kread_chk == read(client_sock, r_buff, 1)[m[K;
[0.722s]       |         [01;35m[K~~~~~~~~~^~~~~~~~~~~~~~~~~~~~~~~~~~~~~~~[m[K
[0.903s] make[2]: *** [CMakeFiles/VescController.dir/build.make:63: CMakeFiles/VescController.dir/src/vesc_controller.cpp.o] Error 1
[0.903s] make[1]: *** [CMakeFiles/Makefile2:107: CMakeFiles/VescController.dir/all] Error 2
[0.903s] make: *** [Makefile:141: all] Error 2
[0.906s] Invoked command in '/home/tjddus/min/minicar_controller/vesc_controller/build/vesc_controller' returned '2': CMAKE_PREFIX_PATH=/opt/ros/foxy /usr/bin/cmake --build /home/tjddus/min/minicar_controller/vesc_controller/build/vesc_controller -- -j20 -l20
