[0.009s] Invoking command in '/home/tjddus/min/minicar_controller/vesc_controller/build/vesc_controller': CMAKE_PREFIX_PATH=/opt/ros/foxy /usr/bin/cmake --build /home/tjddus/min/minicar_controller/vesc_controller/build/vesc_controller -- -j20 -l20
[0.031s] [35m[1mScanning dependencies of target VescController[0m
[0.045s] [ 25%] [32mBuilding CXX object CMakeFiles/VescController.dir/src/vesc_controller.cpp.o[0m
[0.754s] [01m[K/home/tjddus/min/minicar_controller/vesc_controller/src/vesc_controller.cpp:[m[K In member function â€˜[01m[Kvoid VescController::SocketSetting()[m[Kâ€™:
[0.754s] [01m[K/home/tjddus/min/minicar_controller/vesc_controller/src/vesc_controller.cpp:15:17:[m[K [01;31m[Kerror: [m[Kâ€˜[01m[Kstruct sockaddr_in[m[Kâ€™ has no member named â€˜[01m[Ksin[m[Kâ€™
[0.755s]    15 |     addr_server.[01;31m[Ksin[m[K.family = AF_INET;
[0.755s]       |                 [01;31m[K^~~[m[K
[0.755s] [01m[K/home/tjddus/min/minicar_controller/vesc_controller/src/vesc_controller.cpp:16:35:[m[K [01;31m[Kerror: [m[Kâ€˜[01m[Khton[m[Kâ€™ was not declared in this scope; did you mean â€˜[01m[Khtons[m[Kâ€™?
[0.755s]    16 |     addr_server.sin_addr.s_addr = [01;31m[Khton[m[K(INADDR_ANY);
[0.756s]       |                                   [01;31m[K^~~~[m[K
[0.756s]       |                                   [32m[Khtons[m[K
[0.756s] [01m[K/home/tjddus/min/minicar_controller/vesc_controller/src/vesc_controller.cpp:17:17:[m[K [01;31m[Kerror: [m[Kâ€˜[01m[Kstruct sockaddr_in[m[Kâ€™ has no member named â€˜[01m[Ksin[m[Kâ€™
[0.756s]    17 |     addr_server.[01;31m[Ksin[m[K.port = htons(atoi(port));
[0.756s]       |                 [01;31m[K^~~[m[K
[0.756s] [01m[K/home/tjddus/min/minicar_controller/vesc_controller/src/vesc_controller.cpp:17:39:[m[K [01;31m[Kerror: [m[Kâ€˜[01m[Kport[m[Kâ€™ was not declared in this scope
[0.756s]    17 |     addr_server.sin.port = htons(atoi([01;31m[Kport[m[K));
[0.756s]       |                                       [01;31m[K^~~~[m[K
[0.757s] [01m[K/home/tjddus/min/minicar_controller/vesc_controller/src/vesc_controller.cpp:27:51:[m[K [01;31m[Kerror: [m[Kâ€˜[01m[Ksizeif[m[Kâ€™ was not declared in this scope; did you mean â€˜[01m[Ksize_t[m[Kâ€™?
[0.757s]    27 |     if(bind(server_sock, (sockaddr*)&addr_server, [01;31m[Ksizeif[m[K(addr_server)) == -1){
[0.757s]       |                                                   [01;31m[K^~~~~~[m[K
[0.758s]       |                                                   [32m[Ksize_t[m[K
[0.758s] [01m[K/home/tjddus/min/minicar_controller/vesc_controller/src/vesc_controller.cpp:41:46:[m[K [01;31m[Kerror: [m[Kexpected â€˜[01m[K;[m[Kâ€™ before â€˜[01m[Kclient_sock[m[Kâ€™
[0.758s]    41 |     addr_client_len = sizeof(addr_client_len)
[0.758s]       |                                              [01;31m[K^[m[K
[0.758s]       |                                              [32m[K;[m[K
[0.758s]    42 | 
[0.758s]    43 |     [32m[Kclient_sock[m[K = accept(server_sock, (sockaddr*) &addr_client, &addr_client_len);
[0.758s]       |     [32m[K~~~~~~~~~~~[m[K                               
[0.758s] [01m[K/home/tjddus/min/minicar_controller/vesc_controller/src/vesc_controller.cpp:[m[K In member function â€˜[01m[Kvoid VescController::ReceiveKey()[m[Kâ€™:
[0.758s] [01m[K/home/tjddus/min/minicar_controller/vesc_controller/src/vesc_controller.cpp:58:18:[m[K [01;35m[Kwarning: [m[Kvalue computed is not used [[01;35m[K-Wunused-value[m[K]
[0.758s]    58 |         [01;35m[Kread_chk == read(client_sock, r_buff, 1)[m[K;
[0.758s]       |         [01;35m[K~~~~~~~~~^~~~~~~~~~~~~~~~~~~~~~~~~~~~~~~[m[K
[0.972s] make[2]: *** [CMakeFiles/VescController.dir/build.make:63: CMakeFiles/VescController.dir/src/vesc_controller.cpp.o] Error 1
[0.972s] make[1]: *** [CMakeFiles/Makefile2:107: CMakeFiles/VescController.dir/all] Error 2
[0.972s] make: *** [Makefile:141: all] Error 2
[0.973s] Invoked command in '/home/tjddus/min/minicar_controller/vesc_controller/build/vesc_controller' returned '2': CMAKE_PREFIX_PATH=/opt/ros/foxy /usr/bin/cmake --build /home/tjddus/min/minicar_controller/vesc_controller/build/vesc_controller -- -j20 -l20
