[ 50%] Built target KbdReader
[35m[1mScanning dependencies of target KbdReader_node[0m
[ 75%] [32mBuilding CXX object CMakeFiles/KbdReader_node.dir/src/kbd_reader_node.cpp.o[0m
[01m[K/home/tjddus/min/minicar_controller/kbd_reader/src/kbd_reader_node.cpp:[m[K In function â€˜[01m[Kvoid quit(int)[m[Kâ€™:
[01m[K/home/tjddus/min/minicar_controller/kbd_reader/src/kbd_reader_node.cpp:9:24:[m[K [01;31m[Kerror: [m[Kexpected primary-expression before â€˜[01m[K.[m[Kâ€™ token
    9 |     tcsetattr(KbdReader[01;31m[K.[m[Kkfd, TCSANOW, &KbdReader.cooked);
      |                        [01;31m[K^[m[K
[01m[K/home/tjddus/min/minicar_controller/kbd_reader/src/kbd_reader_node.cpp:9:49:[m[K [01;31m[Kerror: [m[Kexpected primary-expression before â€˜[01m[K.[m[Kâ€™ token
    9 |     tcsetattr(KbdReader.kfd, TCSANOW, &KbdReader[01;31m[K.[m[Kcooked);
      |                                                 [01;31m[K^[m[K
[01m[K/home/tjddus/min/minicar_controller/kbd_reader/src/kbd_reader_node.cpp:7:15:[m[K [01;35m[Kwarning: [m[Kunused parameter â€˜[01m[Ksig[m[Kâ€™ [[01;35m[K-Wunused-parameter[m[K]
    7 | void quit([01;35m[Kint sig[m[K)
      |           [01;35m[K~~~~^~~[m[K
make[2]: *** [CMakeFiles/KbdReader_node.dir/build.make:63: CMakeFiles/KbdReader_node.dir/src/kbd_reader_node.cpp.o] Error 1
make[1]: *** [CMakeFiles/Makefile2:80: CMakeFiles/KbdReader_node.dir/all] Error 2
make: *** [Makefile:141: all] Error 2
