[01m[K/home/tjddus/min/minicar_controller/vesc_controller/src/vesc_controller.cpp:[m[K In constructor â€˜[01m[KVescController::VescController(const rclcpp::NodeOptions&)[m[Kâ€™:
[01m[K/home/tjddus/min/minicar_controller/vesc_controller/src/vesc_controller.cpp:8:5:[m[K [01;31m[Kerror: [m[Kâ€˜[01m[KSocketSetting[m[Kâ€™ was not declared in this scope
    8 |     [01;31m[KSocketSetting[m[K();
      |     [01;31m[K^~~~~~~~~~~~~[m[K
[01m[K/home/tjddus/min/minicar_controller/vesc_controller/src/vesc_controller.cpp:[m[K At global scope:
[01m[K/home/tjddus/min/minicar_controller/vesc_controller/src/vesc_controller.cpp:12:6:[m[K [01;31m[Kerror: [m[Kno declaration matches â€˜[01m[Kvoid VescController::SocketSetting()[m[Kâ€™
   12 | void [01;31m[KVescController[m[K::SocketSetting()
      |      [01;31m[K^~~~~~~~~~~~~~[m[K
[01m[K/home/tjddus/min/minicar_controller/vesc_controller/src/vesc_controller.cpp:12:6:[m[K [01;36m[Knote: [m[Kno functions named â€˜[01m[Kvoid VescController::SocketSetting()[m[Kâ€™
In file included from [01m[K/home/tjddus/min/minicar_controller/vesc_controller/src/vesc_controller.cpp:1[m[K:
[01m[K/home/tjddus/min/minicar_controller/vesc_controller/include/vesc_controller/vesc_controller.hpp:24:7:[m[K [01;36m[Knote: [m[Kâ€˜[01m[Kclass VescController[m[Kâ€™ defined here
   24 | class [01;36m[KVescController[m[K : public rclcpp::Node
      |       [01;36m[K^~~~~~~~~~~~~~[m[K
[01m[K/home/tjddus/min/minicar_controller/vesc_controller/src/vesc_controller.cpp:[m[K In member function â€˜[01m[Kvoid VescController::ReceiveKey()[m[Kâ€™:
[01m[K/home/tjddus/min/minicar_controller/vesc_controller/src/vesc_controller.cpp:58:18:[m[K [01;35m[Kwarning: [m[Kvalue computed is not used [[01;35m[K-Wunused-value[m[K]
   58 |         [01;35m[Kread_chk == read(client_sock, r_buff, 1)[m[K;
      |         [01;35m[K~~~~~~~~~^~~~~~~~~~~~~~~~~~~~~~~~~~~~~~~[m[K
make[2]: *** [CMakeFiles/VescController.dir/build.make:63: CMakeFiles/VescController.dir/src/vesc_controller.cpp.o] Error 1
make[1]: *** [CMakeFiles/Makefile2:107: CMakeFiles/VescController.dir/all] Error 2
make: *** [Makefile:141: all] Error 2
